Microsoft (R) Macro Assembler Version 14.16.27026.1	    05/20/19 17:03:10
Asm03.asm						     Page 1 - 1


				.586p
				.model flat, stdcall
				includelib user32.lib
				includelib kernel32.lib
				ExitProcess proto : dword
				MessageBoxA proto : dword, : dword, : dword, : dword
				.stack 4096
 00000000			.const

 00000000			.data
 = 00000000			mb_ok	equ 0
 00000000 CA EE F1 F2 FE	header	db "Костюкова Анна Олеговна, 1-ый крус, 4-ая группа", 0
	   EA EE E2 E0 20
	   C0 ED ED E0 20
	   CE EB E5 E3 EE
	   E2 ED E0 2C 20
	   31 2D FB E9 20
	   EA F0 F3 F1 2C
	   20 34 2D E0 FF
	   20 E3 F0 F3 EF
	   EF E0 00
 00000030 C2 20 EC E0 F1	ansY	db "В массиве содержится нулевой элемент", 0
	   F1 E8 E2 E5 20
	   F1 EE E4 E5 F0
	   E6 E8 F2 F1 FF
	   20 ED F3 EB E5
	   E2 EE E9 20 FD
	   EB E5 EC E5 ED
	   F2 00
 00000055 C2 20 EC E0 F1	ansN	db "В массиве не содержится нулевой элемент", 0
	   F1 E8 E2 E5 20
	   ED E5 20 F1 EE
	   E4 E5 F0 E6 E8
	   F2 F1 FF 20 ED
	   F3 EB E5 E2 EE
	   E9 20 FD EB E5
	   EC E5 ED F2 00
 0000007D 00000000		hw		dd ?
 00000081 00000001		myWords		dword 1, 2, 3, 4, 5, 6, 7
	   00000002
	   00000003
	   00000004
	   00000005
	   00000006
	   00000007
 00000000			.code
 00000000			main proc
 00000000  BE 00000081 R	mov esi, OFFSET myWords
 00000005  66| 8B 06		mov ax, [esi +0]
 00000008  66| 8B 5E 02		mov bx, [esi +2]
 0000000C  BE 00000000		mov esi, 0
 00000011  BB 00000001		mov ebx, 1
 00000016  B8 00000000		mov eax, 0
 0000001B  B9 00000007		mov ecx, 7
 00000020			IN_MAS:
 00000020  03 86 00000081 R	add eax, myWords[esi]
 00000026  83 C6 04		add esi, 4
 00000029  83 BE 0000007D R	cmp myWords[esi - 4], 0
	   00
 00000030  74 04		je TRUE
 00000032  E2 EC		loop IN_MAS
 00000034  EB 07		jmp END_OF_MAS
 00000036			TRUE :
 00000036  BB 00000000		mov ebx, 0
 0000003B  E2 E3		loop IN_MAS
 0000003D			END_OF_MAS :
 0000003D  83 FB 00		cmp ebx, 0
 00000040  74 02		je ZERO_IN_MAS
 00000042  75 19		jne NO_ZERO_IN_MAS
 00000044			ZERO_IN_MAS :
				invoke MessageBoxA, hw, offset ansY, offset header, mb_ok
 0000005B  EB 17		jmp END_CMP
 0000005D			NO_ZERO_IN_MAS :
				invoke MessageBoxA, hw, offset ansN, offset header, mb_ok
 00000074			END_CMP :
 00000074  6A 00		push 0
 00000076  E8 00000000 E	call ExitProcess
 0000007B			main endp
				end main
Microsoft (R) Macro Assembler Version 14.16.27026.1	    05/20/19 17:03:10
Asm03.asm						     Symbols 2 - 1




Segments and Groups:

                N a m e                 Size     Length   Align   Combine Class

CONST  . . . . . . . . . . . . .	32 Bit	 00000000 Para	  Public  'CONST'	 ReadOnly
FLAT . . . . . . . . . . . . . .	GROUP
STACK  . . . . . . . . . . . . .	32 Bit	 00001000 Para	  Stack	  'STACK'	 
_DATA  . . . . . . . . . . . . .	32 Bit	 0000009D Para	  Public  'DATA'	
_TEXT  . . . . . . . . . . . . .	32 Bit	 0000007B Para	  Public  'CODE'	


Procedures, parameters, and locals:

                N a m e                 Type     Value    Attr

ExitProcess  . . . . . . . . . .	P Near	 00000000 FLAT	Length= 00000000 External STDCALL
MessageBoxA  . . . . . . . . . .	P Near	 00000000 FLAT	Length= 00000000 External STDCALL
main . . . . . . . . . . . . . .	P Near	 00000000 _TEXT	Length= 0000007B Public STDCALL
  IN_MAS . . . . . . . . . . . .	L Near	 00000020 _TEXT	
  TRUE . . . . . . . . . . . . .	L Near	 00000036 _TEXT	
  END_OF_MAS . . . . . . . . . .	L Near	 0000003D _TEXT	
  ZERO_IN_MAS  . . . . . . . . .	L Near	 00000044 _TEXT	
  NO_ZERO_IN_MAS . . . . . . . .	L Near	 0000005D _TEXT	
  END_CMP  . . . . . . . . . . .	L Near	 00000074 _TEXT	


Symbols:

                N a m e                 Type     Value    Attr

@CodeSize  . . . . . . . . . . .	Number	 00000000h   
@DataSize  . . . . . . . . . . .	Number	 00000000h   
@Interface . . . . . . . . . . .	Number	 00000003h   
@Model . . . . . . . . . . . . .	Number	 00000007h   
@code  . . . . . . . . . . . . .	Text   	 _TEXT
@data  . . . . . . . . . . . . .	Text   	 FLAT
@fardata?  . . . . . . . . . . .	Text   	 FLAT
@fardata . . . . . . . . . . . .	Text   	 FLAT
@stack . . . . . . . . . . . . .	Text   	 FLAT
ansN . . . . . . . . . . . . . .	Byte	 00000055 _DATA	
ansY . . . . . . . . . . . . . .	Byte	 00000030 _DATA	
header . . . . . . . . . . . . .	Byte	 00000000 _DATA	
hw . . . . . . . . . . . . . . .	DWord	 0000007D _DATA	
mb_ok  . . . . . . . . . . . . .	Number	 00000000h   
myWords  . . . . . . . . . . . .	DWord	 00000081 _DATA	

	   0 Warnings
	   0 Errors
