Сборка начата Пн 20.05.19 15:57:39.
     1>Проект "D:\Лабы ЯП\LP_Asm02\LP_Asm02\LP_Asm02.vcxproj" в узле 2 (целевые объекты Rebuild).
     1>_PrepareForClean:
         Файл "Debug\LP_Asm02.tlog\LP_Asm02.lastbuildstate" удаляется.
       InitializeBuildStatus:
         Создание "Debug\LP_Asm02.tlog\unsuccessfulbuild", так как было задано "AlwaysCreate".
       _MASM:
         Assembling Asm02.asm...
         cmd.exe /C "C:\Users\User\AppData\Local\Temp\tmpb9460db4fa9e43d48834a409e76a3843.cmd"
         ml.exe /c /nologo /Zi /Fo"Debug\Asm02.obj" /Fl"Debug\\" /W3 /errorReport:prompt  /TaAsm02.asm
       Link:
         C:\Program Files (x86)\Microsoft Visual Studio\2017\Enterprise\VC\Tools\MSVC\14.16.27023\bin\HostX86\x86\link.exe /ERRORREPORT:PROMPT /OUT:"D:\Лабы ЯП\LP_Asm02\Debug\LP_Asm02.exe" /INCREMENTAL /NOLOGO kernel32.lib user32.lib gdi32.lib winspool.lib comdlg32.lib advapi32.lib shell32.lib ole32.lib oleaut32.lib uuid.lib odbc32.lib odbccp32.lib /MANIFEST /MANIFESTUAC:"level='asInvoker' uiAccess='false'" /manifest:embed /DEBUG:FASTLINK /PDB:"D:\Лабы ЯП\LP_Asm02\Debug\LP_Asm02.pdb" /SUBSYSTEM:WINDOWS /TLBID:1 /DYNAMICBASE /NXCOMPAT /IMPLIB:"D:\Лабы ЯП\LP_Asm02\Debug\LP_Asm02.lib" /MACHINE:X86 Debug\Asm02.obj
         LP_Asm02.vcxproj -> D:\Лабы ЯП\LP_Asm02\Debug\LP_Asm02.exe
       FinalizeBuildStatus:
         Файл "Debug\LP_Asm02.tlog\unsuccessfulbuild" удаляется.
         Обращение к "Debug\LP_Asm02.tlog\LP_Asm02.lastbuildstate".
     1>Сборка проекта "D:\Лабы ЯП\LP_Asm02\LP_Asm02\LP_Asm02.vcxproj" завершена (целевые объекты Rebuild).

Сборка успешно завершена.
    Предупреждений: 0
    Ошибок: 0

Прошло времени 00:00:04.25
