d:\лабы яп\lp_lab09\lp_lab09\debug\lp_lab09.pch
d:\лабы яп\lp_lab09\lp_lab09\debug\vc141.pdb
d:\лабы яп\lp_lab09\lp_lab09\debug\vc141.idb
d:\лабы яп\lp_lab09\lp_lab09\debug\pch.obj
d:\лабы яп\lp_lab09\lp_lab09\debug\varparm.obj
d:\лабы яп\lp_lab09\lp_lab09\debug\lp_lab09.obj
d:\лабы яп\lp_lab09\lp_lab09\debug\call.obj
d:\лабы яп\lp_lab09\debug\lp_lab09.exe
d:\лабы яп\lp_lab09\debug\lp_lab09.ilk
d:\лабы яп\lp_lab09\debug\lp_lab09.pdb
d:\лабы яп\lp_lab09\lp_lab09\debug\varparm.obj.enc
d:\лабы яп\lp_lab09\lp_lab09\debug\lp_lab09.tlog\cl.command.1.tlog
d:\лабы яп\lp_lab09\lp_lab09\debug\lp_lab09.tlog\cl.read.1.tlog
d:\лабы яп\lp_lab09\lp_lab09\debug\lp_lab09.tlog\cl.write.1.tlog
d:\лабы яп\lp_lab09\lp_lab09\debug\lp_lab09.tlog\link-cvtres.read.1.tlog
d:\лабы яп\lp_lab09\lp_lab09\debug\lp_lab09.tlog\link-cvtres.write.1.tlog
d:\лабы яп\lp_lab09\lp_lab09\debug\lp_lab09.tlog\link-rc.read.1.tlog
d:\лабы яп\lp_lab09\lp_lab09\debug\lp_lab09.tlog\link-rc.write.1.tlog
d:\лабы яп\lp_lab09\lp_lab09\debug\lp_lab09.tlog\link.7316-cvtres.read.1.tlog
d:\лабы яп\lp_lab09\lp_lab09\debug\lp_lab09.tlog\link.7316-cvtres.write.1.tlog
d:\лабы яп\lp_lab09\lp_lab09\debug\lp_lab09.tlog\link.7316-rc.read.1.tlog
d:\лабы яп\lp_lab09\lp_lab09\debug\lp_lab09.tlog\link.7316-rc.write.1.tlog
d:\лабы яп\lp_lab09\lp_lab09\debug\lp_lab09.tlog\link.7316.read.1.tlog
d:\лабы яп\lp_lab09\lp_lab09\debug\lp_lab09.tlog\link.7316.write.1.tlog
d:\лабы яп\lp_lab09\lp_lab09\debug\lp_lab09.tlog\link.command.1.tlog
d:\лабы яп\lp_lab09\lp_lab09\debug\lp_lab09.tlog\link.read.1.tlog
d:\лабы яп\lp_lab09\lp_lab09\debug\lp_lab09.tlog\link.write.1.tlog
