Сборка начата Чт 04.07.19 21:45:29.
     1>Проект "D:\Лабы ЯП\LP_Lab09\LP_Lab09\LP_Lab09.vcxproj" в узле 2 (целевые объекты Build).
     1>InitializeBuildStatus:
         Создание "Debug\LP_Lab09.tlog\unsuccessfulbuild", так как было задано "AlwaysCreate".
       ClCompile:
         C:\Program Files (x86)\Microsoft Visual Studio\2017\Enterprise\VC\Tools\MSVC\14.16.27023\bin\HostX86\x86\CL.exe /c /ZI /JMC /nologo /W3 /WX- /diagnostics:classic /sdl /Od /Oy- /D WIN32 /D _DEBUG /D _CONSOLE /D _UNICODE /D UNICODE /Gm- /EHsc /RTC1 /MDd /GS /fp:precise /permissive- /Zc:wchar_t /Zc:forScope /Zc:inline /Yc"pch.h" /Fp"Debug\LP_Lab09.pch" /Fo"Debug\\" /Fd"Debug\vc141.pdb" /Gd /TP /analyze- /FC /errorReport:prompt pch.cpp
         pch.cpp
         C:\Program Files (x86)\Microsoft Visual Studio\2017\Enterprise\VC\Tools\MSVC\14.16.27023\bin\HostX86\x86\CL.exe /c /ZI /JMC /nologo /W3 /WX- /diagnostics:classic /sdl /Od /Oy- /D WIN32 /D _DEBUG /D _CONSOLE /D _UNICODE /D UNICODE /Gm- /EHsc /RTC1 /MDd /GS /fp:precise /permissive- /Zc:wchar_t /Zc:forScope /Zc:inline /Yu"pch.h" /Fp"Debug\LP_Lab09.pch" /Fo"Debug\\" /Fd"Debug\vc141.pdb" /Gd /TP /analyze- /FC /errorReport:prompt Call.cpp LP_Lab09.cpp Varparm.cpp
         Call.cpp
         LP_Lab09.cpp
         Varparm.cpp
         Создание кода...
       Link:
         C:\Program Files (x86)\Microsoft Visual Studio\2017\Enterprise\VC\Tools\MSVC\14.16.27023\bin\HostX86\x86\link.exe /ERRORREPORT:PROMPT /OUT:"D:\Лабы ЯП\LP_Lab09\Debug\LP_Lab09.exe" /INCREMENTAL /NOLOGO kernel32.lib user32.lib gdi32.lib winspool.lib comdlg32.lib advapi32.lib shell32.lib ole32.lib oleaut32.lib uuid.lib odbc32.lib odbccp32.lib /MANIFEST /MANIFESTUAC:"level='asInvoker' uiAccess='false'" /manifest:embed /DEBUG:FASTLINK /PDB:"D:\Лабы ЯП\LP_Lab09\Debug\LP_Lab09.pdb" /SUBSYSTEM:CONSOLE /TLBID:1 /DYNAMICBASE /NXCOMPAT /IMPLIB:"D:\Лабы ЯП\LP_Lab09\Debug\LP_Lab09.lib" /MACHINE:X86 Debug\Call.obj
         Debug\LP_Lab09.obj
         Debug\pch.obj
         Debug\Varparm.obj
         LP_Lab09.vcxproj -> D:\Лабы ЯП\LP_Lab09\Debug\LP_Lab09.exe
       FinalizeBuildStatus:
         Файл "Debug\LP_Lab09.tlog\unsuccessfulbuild" удаляется.
         Обращение к "Debug\LP_Lab09.tlog\LP_Lab09.lastbuildstate".
     1>Сборка проекта "D:\Лабы ЯП\LP_Lab09\LP_Lab09\LP_Lab09.vcxproj" завершена (целевые объекты Build).

Сборка успешно завершена.
    Предупреждений: 0
    Ошибок: 0

Прошло времени 00:00:10.99
