Сборка начата Пт 03.05.19 23:50:20.
     1>Проект "D:\Лабы ЯП\LP_Lab08\LP_Lab08L\LP_Lab08L.vcxproj" в узле 2 (целевые объекты Rebuild).
     1>Сборка с инструментами версии "15.0".
       Целевой объект "EnableIntermediateOutputPathMismatchWarning" пропущен из-за невыполненного условия; выражение ('$(RestoreProjectStyle)' == 'PackageReference') равно ('' == 'PackageReference').
     1>Целевой объект "_CheckForInvalidConfigurationAndPlatform" в файле "C:\Program Files (x86)\Microsoft Visual Studio\2017\Enterprise\MSBuild\15.0\Bin\Microsoft.Common.CurrentVersion.targets" из проекта "D:\Лабы ЯП\LP_Lab08\LP_Lab08L\LP_Lab08L.vcxproj" (целевой объект "SetTelemetryEnvironmentVariables" зависит от него):
       Задача "Error" пропущена из-за невыполненного условия; выражение ( '$(_InvalidConfigurationError)' == 'true' ) равно ( '' == 'true' ).
       Задача "Warning" пропущена из-за невыполненного условия; выражение ( '$(_InvalidConfigurationWarning)' == 'true' ) равно ( '' == 'true' ).
       Используется задача "Message" из сборки "Microsoft.Build.Tasks.Core, Version=15.1.0.0, Culture=neutral, PublicKeyToken=b03f5f7f11d50a3a".
       Задача "Message"
         Configuration=Debug
       Выполнение задачи "Message" завершено.
       Задача "Message"
         Platform=Win32
       Выполнение задачи "Message" завершено.
       Задача "Error" пропущена из-за невыполненного условия; выражение ('$(OutDir)' != '' and !HasTrailingSlash('$(OutDir)')) равно ('D:\Лабы ЯП\LP_Lab08\Debug\' != '' and !HasTrailingSlash('D:\Лабы ЯП\LP_Lab08\Debug\')).
       Задача "Error" пропущена из-за невыполненного условия; выражение ('$(BaseIntermediateOutputPath)' != '' and !HasTrailingSlash('$(BaseIntermediateOutputPath)')) равно ('obj\' != '' and !HasTrailingSlash('obj\')).
       Задача "Error" пропущена из-за невыполненного условия; выражение ('$(IntermediateOutputPath)' != '' and !HasTrailingSlash('$(IntermediateOutputPath)')) равно ('Debug\' != '' and !HasTrailingSlash('Debug\')).
       Задача "Error" пропущена из-за невыполненного условия; выражение ( '$(_InitialMSBuildProjectExtensionsPath)' != '' And '$(MSBuildProjectExtensionsPath)' != '$(_InitialMSBuildProjectExtensionsPath)' ) равно ( 'D:\Лабы ЯП\LP_Lab08\LP_Lab08L\obj\' != '' And 'D:\Лабы ЯП\LP_Lab08\LP_Lab08L\obj\' != 'D:\Лабы ЯП\LP_Lab08\LP_Lab08L\obj\' ).
       Задача "Warning" пропущена из-за невыполненного условия; выражение ( '$(EnableBaseIntermediateOutputPathMismatchWarning)' == 'true' And '$(_InitialBaseIntermediateOutputPath)' != '$(BaseIntermediateOutputPath)' And '$(BaseIntermediateOutputPath)' != '$(MSBuildProjectExtensionsPath)' ) равно ( '' == 'true' And 'obj\' != 'obj\' And 'obj\' != 'D:\Лабы ЯП\LP_Lab08\LP_Lab08L\obj\' ).
     1>Сборка целевого объекта "_CheckForInvalidConfigurationAndPlatform" в проекте "LP_Lab08L.vcxproj" завершена.
       Целевой объект "_CheckForInvalidConfigurationAndPlatform" пропущен. Предыдущая сборка успешна.
     1>Целевой объект "SetTelemetryEnvironmentVariables" в файле "C:\Program Files (x86)\Microsoft Visual Studio\2017\Enterprise\Common7\IDE\VC\VCTargets\Microsoft.Cpp.DesignTime.targets" из проекта "D:\Лабы ЯП\LP_Lab08\LP_Lab08L\LP_Lab08L.vcxproj" (целевой объект "Rebuild" зависит от него):
       Используется задача "SetEnv" из сборки "C:\Program Files (x86)\Microsoft Visual Studio\2017\Enterprise\Common7\IDE\VC\VCTargets\Microsoft.Build.CppTasks.Common.dll".
       Задача "SetEnv"
         VSTEL_SolutionSessionID={DA9AC1B2-BDEB-4FCA-A3CB-9744C49D8B35}
       Выполнение задачи "SetEnv" завершено.
       Задача "SetEnv"
         VSTEL_CurrentSolutionBuildID=2012593484
       Выполнение задачи "SetEnv" завершено.
       Задача "SetEnv"
         VSTEL_ProjectID={EDAF3945-C45B-411E-ACDC-E7443FAB521B}
       Выполнение задачи "SetEnv" завершено.
     1>Сборка целевого объекта "SetTelemetryEnvironmentVariables" в проекте "LP_Lab08L.vcxproj" завершена.
     1>Целевой объект "_PrepareForRebuild" в файле "C:\Program Files (x86)\Microsoft Visual Studio\2017\Enterprise\Common7\IDE\VC\VCTargets\Microsoft.BuildSteps.Targets" из проекта "D:\Лабы ЯП\LP_Lab08\LP_Lab08L\LP_Lab08L.vcxproj" (целевой объект "Rebuild" зависит от него):
     1>Сборка целевого объекта "_PrepareForRebuild" в проекте "LP_Lab08L.vcxproj" завершена.
     1>Целевой объект "BeforeRebuild" в файле "C:\Program Files (x86)\Microsoft Visual Studio\2017\Enterprise\MSBuild\15.0\Bin\Microsoft.Common.CurrentVersion.targets" из проекта "D:\Лабы ЯП\LP_Lab08\LP_Lab08L\LP_Lab08L.vcxproj" (целевой объект "Rebuild" зависит от него):
     1>Сборка целевого объекта "BeforeRebuild" в проекте "LP_Lab08L.vcxproj" завершена.
     1>Целевой объект "_PrepareForClean" в файле "C:\Program Files (x86)\Microsoft Visual Studio\2017\Enterprise\Common7\IDE\VC\VCTargets\Microsoft.BuildSteps.Targets" из проекта "D:\Лабы ЯП\LP_Lab08\LP_Lab08L\LP_Lab08L.vcxproj" (целевой объект "Clean" зависит от него):
       Используется задача "Delete" из сборки "Microsoft.Build.Tasks.Core, Version=15.1.0.0, Culture=neutral, PublicKeyToken=b03f5f7f11d50a3a".
       Задача "Delete"
         Файл "Debug\LP_Lab08L.tlog\LP_Lab08L.lastbuildstate" удаляется.
       Выполнение задачи "Delete" завершено.
     1>Сборка целевого объекта "_PrepareForClean" в проекте "LP_Lab08L.vcxproj" завершена.
     1>Целевой объект "BeforeClean" в файле "C:\Program Files (x86)\Microsoft Visual Studio\2017\Enterprise\MSBuild\15.0\Bin\Microsoft.Common.CurrentVersion.targets" из проекта "D:\Лабы ЯП\LP_Lab08\LP_Lab08L\LP_Lab08L.vcxproj" (целевой объект "Clean" зависит от него):
     1>Сборка целевого объекта "BeforeClean" в проекте "LP_Lab08L.vcxproj" завершена.
       Целевой объект "UnmanagedUnregistration" пропущен из-за невыполненного условия; выражение ((('$(_AssemblyTimestampBeforeCompile)' != '$(_AssemblyTimestampAfterCompile)' or '$(RegisterForComInterop)' != 'true' or '$(OutputType)' != 'library') or
                           ('$(_AssemblyTimestampBeforeCompile)' == '')) and
                          Exists('@(_UnmanagedRegistrationCache)')) равно ((('' != '' or '' != 'true' or 'staticlibrary' != 'library') or
                           ('' == '')) and
                          Exists('obj\LP_Lab08L.vcxproj.UnmanagedRegistration.cache')).
     1>Целевой объект "CoreClean" в файле "C:\Program Files (x86)\Microsoft Visual Studio\2017\Enterprise\MSBuild\15.0\Bin\Microsoft.Common.CurrentVersion.targets" из проекта "D:\Лабы ЯП\LP_Lab08\LP_Lab08L\LP_Lab08L.vcxproj" (целевой объект "Clean" зависит от него):
       Задача "Delete"
         Файл "Debug\\TempCA\LP_Lab08L.pdb" не существует. Пропускается.
         Файл "Debug\\TempCA\LP_Lab08L.lib" не существует. Пропускается.
       Выполнение задачи "Delete" завершено.
       Используется задача "ReadLinesFromFile" из сборки "Microsoft.Build.Tasks.Core, Version=15.1.0.0, Culture=neutral, PublicKeyToken=b03f5f7f11d50a3a".
       Задача "ReadLinesFromFile"
       Выполнение задачи "ReadLinesFromFile" завершено.
       Используется задача "FindUnderPath" из сборки "Microsoft.Build.Tasks.Core, Version=15.1.0.0, Culture=neutral, PublicKeyToken=b03f5f7f11d50a3a".
       Задача "FindUnderPath"
         Путь сравнения: "D:\Лабы ЯП\LP_Lab08\Debug\".
       Выполнение задачи "FindUnderPath" завершено.
       Задача "FindUnderPath"
         Путь сравнения: "Debug\".
       Выполнение задачи "FindUnderPath" завершено.
       Задача "Delete"
       Выполнение задачи "Delete" завершено.
       Используется задача "RemoveDuplicates" из сборки "Microsoft.Build.Tasks.Core, Version=15.1.0.0, Culture=neutral, PublicKeyToken=b03f5f7f11d50a3a".
       Задача "RemoveDuplicates"
       Выполнение задачи "RemoveDuplicates" завершено.
       Используется задача "MakeDir" из сборки "Microsoft.Build.Tasks.Core, Version=15.1.0.0, Culture=neutral, PublicKeyToken=b03f5f7f11d50a3a".
       Задача "MakeDir"
       Выполнение задачи "MakeDir" завершено.
       Используется задача "WriteLinesToFile" из сборки "Microsoft.Build.Tasks.Core, Version=15.1.0.0, Culture=neutral, PublicKeyToken=b03f5f7f11d50a3a".
       Задача "WriteLinesToFile"
       Выполнение задачи "WriteLinesToFile" завершено.
     1>Сборка целевого объекта "CoreClean" в проекте "LP_Lab08L.vcxproj" завершена.
     1>Целевой объект "AssignProjectConfiguration" в файле "C:\Program Files (x86)\Microsoft Visual Studio\2017\Enterprise\MSBuild\15.0\Bin\Microsoft.Common.CurrentVersion.targets" из проекта "D:\Лабы ЯП\LP_Lab08\LP_Lab08L\LP_Lab08L.vcxproj" (целевой объект "PrepareProjectReferences" зависит от него):
       Используется задача "AssignProjectConfiguration" из сборки "Microsoft.Build.Tasks.Core, Version=15.1.0.0, Culture=neutral, PublicKeyToken=b03f5f7f11d50a3a".
       Задача "AssignProjectConfiguration"
       Выполнение задачи "AssignProjectConfiguration" завершено.
     1>Сборка целевого объекта "AssignProjectConfiguration" в проекте "LP_Lab08L.vcxproj" завершена.
     1>Целевой объект "_SplitProjectReferencesByFileExistence" в файле "C:\Program Files (x86)\Microsoft Visual Studio\2017\Enterprise\MSBuild\15.0\Bin\Microsoft.Common.CurrentVersion.targets" из проекта "D:\Лабы ЯП\LP_Lab08\LP_Lab08L\LP_Lab08L.vcxproj" (целевой объект "PrepareProjectReferences" зависит от него):
       Задача "ResolveNonMSBuildProjectOutput" пропущена из-за невыполненного условия; выражение ('$(BuildingInsideVisualStudio)'=='true' and '@(ProjectReferenceWithConfiguration)'!='') равно ('true'=='true' and ''!='').
     1>Сборка целевого объекта "_SplitProjectReferencesByFileExistence" в проекте "LP_Lab08L.vcxproj" завершена.
     1>Целевой объект "_GetProjectReferenceTargetFrameworkProperties" в файле "C:\Program Files (x86)\Microsoft Visual Studio\2017\Enterprise\MSBuild\15.0\Bin\Microsoft.Common.CurrentVersion.targets" из проекта "D:\Лабы ЯП\LP_Lab08\LP_Lab08L\LP_Lab08L.vcxproj" (целевой объект "PrepareProjectReferences" зависит от него):
       Используется задача "MSBuild" из сборки "Microsoft.Build.Tasks.Core, Version=15.1.0.0, Culture=neutral, PublicKeyToken=b03f5f7f11d50a3a".
       Задача "MSBuild"
       Выполнение задачи "MSBuild" завершено.
       Задача "GetReferenceNearestTargetFrameworkTask" пропущена из-за невыполненного условия; выражение ('@(_ProjectReferenceTargetFrameworkPossibilities->Count())' != '0' and '$(ReferringTargetFrameworkForProjectReferences)' != '') равно ('0' != '0' and '.NETFramework,Version=v4.0' != '').
     1>Сборка целевого объекта "_GetProjectReferenceTargetFrameworkProperties" в проекте "LP_Lab08L.vcxproj" завершена.
     1>Целевой объект "PrepareProjectReferences" в файле "C:\Program Files (x86)\Microsoft Visual Studio\2017\Enterprise\MSBuild\15.0\Bin\Microsoft.Common.CurrentVersion.targets" из проекта "D:\Лабы ЯП\LP_Lab08\LP_Lab08L\LP_Lab08L.vcxproj" (целевой объект "CleanReferencedProjects" зависит от него):
     1>Сборка целевого объекта "PrepareProjectReferences" в проекте "LP_Lab08L.vcxproj" завершена.
     1>Целевой объект "CleanReferencedProjects" в файле "C:\Program Files (x86)\Microsoft Visual Studio\2017\Enterprise\MSBuild\15.0\Bin\Microsoft.Common.CurrentVersion.targets" из проекта "D:\Лабы ЯП\LP_Lab08\LP_Lab08L\LP_Lab08L.vcxproj" (целевой объект "Clean" зависит от него):
       Задача "MSBuild" пропущена из-за невыполненного условия; выражение ('$(BuildingInsideVisualStudio)' != 'true' and '$(BuildProjectReferences)' == 'true' and '@(_MSBuildProjectReferenceExistent)' != '') равно ('true' != 'true' and 'true' == 'true' and '' != '').
     1>Сборка целевого объекта "CleanReferencedProjects" в проекте "LP_Lab08L.vcxproj" завершена.
     1>Целевой объект "CleanPublishFolder" в файле "C:\Program Files (x86)\Microsoft Visual Studio\2017\Enterprise\MSBuild\15.0\Bin\Microsoft.Common.CurrentVersion.targets" из проекта "D:\Лабы ЯП\LP_Lab08\LP_Lab08L\LP_Lab08L.vcxproj" (целевой объект "Clean" зависит от него):
       Задача "RemoveDir" пропущена из-за невыполненного условия; выражение ('$(PublishDir)'=='$(OutputPath)app.publish\' and Exists('$(PublishDir)')) равно ('D:\Лабы ЯП\LP_Lab08\Debug\app.publish\'=='D:\Лабы ЯП\LP_Lab08\Debug\app.publish\' and Exists('D:\Лабы ЯП\LP_Lab08\Debug\app.publish\')).
     1>Сборка целевого объекта "CleanPublishFolder" в проекте "LP_Lab08L.vcxproj" завершена.
     1>Целевой объект "AfterClean" в файле "C:\Program Files (x86)\Microsoft Visual Studio\2017\Enterprise\MSBuild\15.0\Bin\Microsoft.Common.CurrentVersion.targets" из проекта "D:\Лабы ЯП\LP_Lab08\LP_Lab08L\LP_Lab08L.vcxproj" (целевой объект "Clean" зависит от него):
     1>Сборка целевого объекта "AfterClean" в проекте "LP_Lab08L.vcxproj" завершена.
       Целевой объект "EntityClean" пропущен из-за невыполненного условия; выражение ('@(EntityDeploy)' != '') равно ('' != '').
     1>Целевой объект "BeforeCppClean" в файле "C:\Program Files (x86)\Microsoft Visual Studio\2017\Enterprise\Common7\IDE\VC\VCTargets\Microsoft.CppClean.targets" из проекта "D:\Лабы ЯП\LP_Lab08\LP_Lab08L\LP_Lab08L.vcxproj" (целевой объект "CppClean" зависит от него):
     1>Сборка целевого объекта "BeforeCppClean" в проекте "LP_Lab08L.vcxproj" завершена.
     1>Целевой объект "CoreCppClean" в файле "C:\Program Files (x86)\Microsoft Visual Studio\2017\Enterprise\Common7\IDE\VC\VCTargets\Microsoft.CppClean.targets" из проекта "D:\Лабы ЯП\LP_Lab08\LP_Lab08L\LP_Lab08L.vcxproj" (целевой объект "CppClean" зависит от него):
       Задача "MakeDir"
       Выполнение задачи "MakeDir" завершено.
       Используется задача "CppClean" из сборки "C:\Program Files (x86)\Microsoft Visual Studio\2017\Enterprise\Common7\IDE\VC\VCTargets\Microsoft.Build.CppTasks.Common.dll".
       Задача "CppClean"
       Выполнение задачи "CppClean" завершено.
       Задача "WriteLinesToFile"
       Выполнение задачи "WriteLinesToFile" завершено.
     1>Сборка целевого объекта "CoreCppClean" в проекте "LP_Lab08L.vcxproj" завершена.
     1>Целевой объект "AfterCppClean" в файле "C:\Program Files (x86)\Microsoft Visual Studio\2017\Enterprise\Common7\IDE\VC\VCTargets\Microsoft.CppClean.targets" из проекта "D:\Лабы ЯП\LP_Lab08\LP_Lab08L\LP_Lab08L.vcxproj" (целевой объект "CppClean" зависит от него):
     1>Сборка целевого объекта "AfterCppClean" в проекте "LP_Lab08L.vcxproj" завершена.
     1>Целевой объект "PGInstrumentedClean" в файле "C:\Program Files (x86)\Microsoft Visual Studio\2017\Enterprise\Common7\IDE\VC\VCTargets\Microsoft.CppClean.targets" из проекта "D:\Лабы ЯП\LP_Lab08\LP_Lab08L\LP_Lab08L.vcxproj" (целевой объект "CppClean" зависит от него):
       Задача "Delete"
       Выполнение задачи "Delete" завершено.
     1>Сборка целевого объекта "PGInstrumentedClean" в проекте "LP_Lab08L.vcxproj" завершена.
     1>Целевой объект "CppClean" в файле "C:\Program Files (x86)\Microsoft Visual Studio\2017\Enterprise\Common7\IDE\VC\VCTargets\Microsoft.CppClean.targets" из проекта "D:\Лабы ЯП\LP_Lab08\LP_Lab08L\LP_Lab08L.vcxproj" (целевой объект "Clean" зависит от него):
     1>Сборка целевого объекта "CppClean" в проекте "LP_Lab08L.vcxproj" завершена.
     1>Целевой объект "Clean" в файле "C:\Program Files (x86)\Microsoft Visual Studio\2017\Enterprise\MSBuild\15.0\Bin\Microsoft.Common.CurrentVersion.targets" из проекта "D:\Лабы ЯП\LP_Lab08\LP_Lab08L\LP_Lab08L.vcxproj" (целевой объект "Rebuild" зависит от него):
     1>Сборка целевого объекта "Clean" в проекте "LP_Lab08L.vcxproj" завершена.
       Целевой объект "SetTelemetryEnvironmentVariables" пропущен. Предыдущая сборка успешна.
     1>Целевой объект "_PrepareForBuild" в файле "C:\Program Files (x86)\Microsoft Visual Studio\2017\Enterprise\Common7\IDE\VC\VCTargets\Microsoft.BuildSteps.Targets" из проекта "D:\Лабы ЯП\LP_Lab08\LP_Lab08L\LP_Lab08L.vcxproj" (целевой объект "Build" зависит от него):
       Задача "CreateItem" пропущена из-за невыполненного условия; выражение ('%(CustomBuild.IncludeFileToTool)'!='') равно (''!='').
     1>Сборка целевого объекта "_PrepareForBuild" в проекте "LP_Lab08L.vcxproj" завершена.
     1>Целевой объект "_PrepareForReferenceResolution" в файле "C:\Program Files (x86)\Microsoft Visual Studio\2017\Enterprise\Common7\IDE\VC\VCTargets\Microsoft.CppBuild.targets" из проекта "D:\Лабы ЯП\LP_Lab08\LP_Lab08L\LP_Lab08L.vcxproj" (целевой объект "ResolveReferences" зависит от него):
       Задача "Message" пропущена из-за невыполненного условия; выражение ('$(_REFERENCE_DEBUG)'=='true') равно (''=='true').
     1>Сборка целевого объекта "_PrepareForReferenceResolution" в проекте "LP_Lab08L.vcxproj" завершена.
       Целевой объект "ComputeCrtSDKReference" пропущен из-за невыполненного условия; выражение ('@(ClCompile)'!='' and '$(WindowsAppContainer)'=='true' and '$(UseCrtSDKReference)' != 'false') равно ('Dictionary.cpp;stdafx.cpp'!='' and 'false'=='true' and '' != 'false').
     1>Целевой объект "BeforeResolveReferences" в файле "C:\Program Files (x86)\Microsoft Visual Studio\2017\Enterprise\MSBuild\15.0\Bin\Microsoft.Common.CurrentVersion.targets" из проекта "D:\Лабы ЯП\LP_Lab08\LP_Lab08L\LP_Lab08L.vcxproj" (целевой объект "ResolveReferences" зависит от него):
     1>Сборка целевого объекта "BeforeResolveReferences" в проекте "LP_Lab08L.vcxproj" завершена.
       Целевой объект "AssignProjectConfiguration" пропущен. Предыдущая сборка успешна.
       Целевой объект "PrepareProjectReferences" пропущен. Предыдущая сборка успешна.
       Целевой объект "_RemoveNameMetadataFromProjectReferenceItems" пропущен из-за невыполненного условия; выражение ('@(ProjectReference)'!='') равно (''!='').
     1>Целевой объект "ResolveProjectReferences" в файле "C:\Program Files (x86)\Microsoft Visual Studio\2017\Enterprise\MSBuild\15.0\Bin\Microsoft.Common.CurrentVersion.targets" из проекта "D:\Лабы ЯП\LP_Lab08\LP_Lab08L\LP_Lab08L.vcxproj" (целевой объект "ResolveReferences" зависит от него):
       Задача "MSBuild" пропущена из-за невыполненного условия; выражение ('%(_MSBuildProjectReferenceExistent.BuildReference)' == 'true' and '@(ProjectReferenceWithConfiguration)' != '' and ('$(BuildingInsideVisualStudio)' == 'true' or '$(BuildProjectReferences)' != 'true') and '$(VisualStudioVersion)' != '10.0' and '@(_MSBuildProjectReferenceExistent)' != '') равно ('' == 'true' and '' != '' and ('true' == 'true' or 'true' != 'true') and '15.0' != '10.0' and '' != '').
       Задача "MSBuild" пропущена из-за невыполненного условия; выражение ('%(_MSBuildProjectReferenceExistent.BuildReference)' == 'true' and '@(ProjectReferenceWithConfiguration)' != '' and ('$(BuildingInsideVisualStudio)' == 'true' or '$(BuildProjectReferences)' != 'true') and '$(VisualStudioVersion)' == '10.0' and '@(_MSBuildProjectReferenceExistent)' != '') равно ('' == 'true' and '' != '' and ('true' == 'true' or 'true' != 'true') and '15.0' == '10.0' and '' != '').
       Задача "MSBuild" пропущена из-за невыполненного условия; выражение ('%(_MSBuildProjectReferenceExistent.BuildReference)' == 'true' and '@(ProjectReferenceWithConfiguration)' != '' and '$(BuildingInsideVisualStudio)' != 'true' and '$(BuildProjectReferences)' == 'true' and '@(_MSBuildProjectReferenceExistent)' != '') равно ('' == 'true' and '' != '' and 'true' != 'true' and 'true' == 'true' and '' != '').
       Задача "MSBuild" пропущена из-за невыполненного условия; выражение ('%(_MSBuildProjectReferenceExistent.BuildReference)' == 'true' and '@(ProjectReferenceWithConfiguration)' != '' and '$(BuildingProject)' == 'true' and '@(_MSBuildProjectReferenceExistent)' != '') равно ('' == 'true' and '' != '' and 'true' == 'true' and '' != '').
       Задача "Warning" пропущена из-за невыполненного условия; выражение ('@(ProjectReferenceWithConfiguration)' != '' and '@(_MSBuildProjectReferenceNonexistent)' != '') равно ('' != '' and '' != '').
     1>Сборка целевого объекта "ResolveProjectReferences" в проекте "LP_Lab08L.vcxproj" завершена.
       Целевой объект "FindInvalidProjectReferences" пропущен из-за невыполненного условия; выражение ('$(FindInvalidProjectReferences)' == 'true') равно ('' == 'true').
       Целевой объект "ResolveNativeReferences" пропущен из-за невыполненного условия; выражение ('@(NativeReference)'!='') равно (''!='').
       Целевой объект "_PrepareForReferenceResolution" пропущен. Предыдущая сборка успешна.
       Целевой объект "ResolveProjectReferences" пропущен. Предыдущая сборка успешна.
       Целевой объект "FindInvalidProjectReferences" пропущен из-за невыполненного условия; выражение ('$(FindInvalidProjectReferences)' == 'true') равно ('' == 'true').
     1>Целевой объект "GetFrameworkPaths" в файле "C:\Program Files (x86)\Microsoft Visual Studio\2017\Enterprise\MSBuild\15.0\Bin\Microsoft.NETFramework.CurrentVersion.targets" из проекта "D:\Лабы ЯП\LP_Lab08\LP_Lab08L\LP_Lab08L.vcxproj" (целевой объект "ResolveAssemblyReferences" зависит от него):
     1>Сборка целевого объекта "GetFrameworkPaths" в проекте "LP_Lab08L.vcxproj" завершена.
       Целевой объект "_PrepareForReferenceResolution" пропущен. Предыдущая сборка успешна.
       Целевой объект "GetWinFXPath" пропущен из-за невыполненного условия; выражение (('@(Page)' != '' or '@(ApplicationDefinition)' != '' or '@(Resource)' != '') and ('$(GetWinFXNativePath)' != '' or '$(GetWinFXWoWPath)' != '' )) равно (('' != '' or '' != '' or '' != '') and ('' != '' or '' != '' )).
       Целевой объект "GetFrameworkPaths" пропущен. Предыдущая сборка успешна.
     1>Целевой объект "GetReferenceAssemblyPaths" в файле "C:\Program Files (x86)\Microsoft Visual Studio\2017\Enterprise\MSBuild\15.0\Bin\Microsoft.Common.CurrentVersion.targets" из проекта "D:\Лабы ЯП\LP_Lab08\LP_Lab08L\LP_Lab08L.vcxproj" (целевой объект "ResolveAssemblyReferences" зависит от него):
       Задача "GetReferenceAssemblyPaths" пропущена из-за невыполненного условия; выражение ('$(TargetFrameworkMoniker)' != '' and ('$(_TargetFrameworkDirectories)' == '' or '$(_FullFrameworkReferenceAssemblyPaths)' == '')) равно ('' != '' and ('C:\Program Files (x86)\Reference Assemblies\Microsoft\Framework\.NETFramework\v4.0' == '' or 'C:\Program Files (x86)\Reference Assemblies\Microsoft\Framework\.NETFramework\v4.0' == '')).
     1>Сборка целевого объекта "GetReferenceAssemblyPaths" в проекте "LP_Lab08L.vcxproj" завершена.
     1>Целевой объект "SetBuildDefaultEnvironmentVariables" в файле "C:\Program Files (x86)\Microsoft Visual Studio\2017\Enterprise\Common7\IDE\VC\VCTargets\Microsoft.Cpp.Current.targets" из проекта "D:\Лабы ЯП\LP_Lab08\LP_Lab08L\LP_Lab08L.vcxproj" (целевой объект "PrepareForBuild" зависит от него):
       Задача "SetEnv"
         PATH=C:\Program Files (x86)\Microsoft Visual Studio\2017\Enterprise\VC\Tools\MSVC\14.16.27023\bin\HostX86\x86;C:\Program Files (x86)\Windows Kits\10\bin\10.0.17763.0\x86;;C:\Program Files (x86)\Microsoft SDKs\Windows\v10.0A\bin\NETFX 4.6.1 Tools;C:\Program Files (x86)\Microsoft Visual Studio\2017\Enterprise\Common7\tools;C:\Program Files (x86)\Microsoft Visual Studio\2017\Enterprise\Common7\ide;C:\Program Files (x86)\HTML Help Workshop;;C:\Program Files (x86)\Microsoft Visual Studio\2017\Enterprise\MSBuild\15.0\Bin;C:\WINDOWS\Microsoft.NET\Framework\v4.0.30319\;C:\WINDOWS\SysWow64;;C:\Program Files (x86)\Common Files\Oracle\Java\javapath;C:\WINDOWS\system32;C:\WINDOWS;C:\WINDOWS\System32\Wbem;C:\WINDOWS\System32\WindowsPowerShell\v1.0\;C:\WINDOWS\System32\OpenSSH\;C:\Program Files\dotnet\;C:\Program Files\Microsoft SQL Server\130\Tools\Binn\;C:\Users\User\AppData\Local\Microsoft\WindowsApps;;
       Выполнение задачи "SetEnv" завершено.
       Задача "SetEnv"
         LIB=C:\Program Files (x86)\Microsoft Visual Studio\2017\Enterprise\VC\Tools\MSVC\14.16.27023\lib\x86;;C:\Program Files (x86)\Microsoft Visual Studio\2017\Enterprise\VC\Tools\MSVC\14.16.27023\atlmfc\lib\x86;;C:\Program Files (x86)\Microsoft Visual Studio\2017\Enterprise\VC\Auxiliary\VS\lib\x86;;C:\Program Files (x86)\Windows Kits\10\lib\10.0.17763.0\ucrt\x86;;;C:\Program Files (x86)\Windows Kits\10\lib\10.0.17763.0\um\x86;C:\Program Files (x86)\Windows Kits\NETFXSDK\4.6.1\lib\um\x86;;C:\Program Files (x86)\Windows Kits\NETFXSDK\4.6.1\Lib\um\x86
       Выполнение задачи "SetEnv" завершено.
       Задача "SetEnv"
         LIBPATH=C:\Program Files (x86)\Microsoft Visual Studio\2017\Enterprise\VC\Tools\MSVC\14.16.27023\atlmfc\lib\x86;;C:\Program Files (x86)\Microsoft Visual Studio\2017\Enterprise\VC\Tools\MSVC\14.16.27023\lib\x86;
       Выполнение задачи "SetEnv" завершено.
       Задача "SetEnv"
         INCLUDE=C:\Program Files (x86)\Microsoft Visual Studio\2017\Enterprise\VC\Tools\MSVC\14.16.27023\include;;C:\Program Files (x86)\Microsoft Visual Studio\2017\Enterprise\VC\Tools\MSVC\14.16.27023\atlmfc\include;;C:\Program Files (x86)\Microsoft Visual Studio\2017\Enterprise\VC\Auxiliary\VS\include;;C:\Program Files (x86)\Windows Kits\10\Include\10.0.17763.0\ucrt;;;C:\Program Files (x86)\Windows Kits\10\Include\10.0.17763.0\um;C:\Program Files (x86)\Windows Kits\10\Include\10.0.17763.0\shared;C:\Program Files (x86)\Windows Kits\10\Include\10.0.17763.0\winrt;C:\Program Files (x86)\Windows Kits\10\Include\10.0.17763.0\cppwinrt;C:\Program Files (x86)\Windows Kits\NETFXSDK\4.6.1\Include\um;C:\Program Files (x86)\Windows Kits\NETFXSDK\4.6.1\Include\um;
       Выполнение задачи "SetEnv" завершено.
     1>Сборка целевого объекта "SetBuildDefaultEnvironmentVariables" в проекте "LP_Lab08L.vcxproj" завершена.
       Целевой объект "SetUserMacroEnvironmentVariables" пропущен из-за невыполненного условия; выражение ('@(BuildMacro)' != '' and '$(DesignTimeBuild)' != 'true') равно ('' != '' and '' != 'true').
       Целевой объект "_PrepareForReferenceResolution" пропущен. Предыдущая сборка успешна.
     1>Целевой объект "GetResolvedWinMD" в файле "C:\Program Files (x86)\Microsoft Visual Studio\2017\Enterprise\Common7\IDE\VC\VCTargets\Microsoft.CppBuild.targets" из проекта "D:\Лабы ЯП\LP_Lab08\LP_Lab08L\LP_Lab08L.vcxproj" (целевой объект "PrepareForBuild" зависит от него):
     1>Сборка целевого объекта "GetResolvedWinMD" в проекте "LP_Lab08L.vcxproj" завершена.
     1>Целевой объект "PlatformPrepareForBuild" в файле "C:\Program Files (x86)\Microsoft Visual Studio\2017\Enterprise\Common7\IDE\VC\VCTargets\Microsoft.Cpp.Platform.targets" из проекта "D:\Лабы ЯП\LP_Lab08\LP_Lab08L\LP_Lab08L.vcxproj" (целевой объект "PrepareForBuild" зависит от него):
       Задача "VCMessage" пропущена из-за невыполненного условия; выражение ('$(_Error64bitToolsNotInstalled)' == 'true') равно ('' == 'true').
       Задача "VCMessage" пропущена из-за невыполненного условия; выражение ('$(DesignTimeBuild)'!='true' and '$(_ToolsetFound)' != 'true' and '$(PlatformToolset)' == '') равно (''!='true' and 'true' != 'true' and 'v141' == '').
       Задача "VCMessage" пропущена из-за невыполненного условия; выражение ('$(DesignTimeBuild)'!='true' and '$(_ToolsetFound)' != 'true' and '$(PlatformToolset)' == 'v110') равно (''!='true' and 'true' != 'true' and 'v141' == 'v110').
       Задача "VCMessage" пропущена из-за невыполненного условия; выражение ('$(DesignTimeBuild)'!='true' and '$(_ToolsetFound)' != 'true' and '$(PlatformToolset)' == 'v100') равно (''!='true' and 'true' != 'true' and 'v141' == 'v100').
       Задача "VCMessage" пропущена из-за невыполненного условия; выражение ('$(DesignTimeBuild)'!='true' and '$(_ToolsetFound)' != 'true' and '$(PlatformToolset)' == 'v90') равно (''!='true' and 'true' != 'true' and 'v141' == 'v90').
       Задача "VCMessage" пропущена из-за невыполненного условия; выражение ('$(DesignTimeBuild)'!='true' and '$(_ToolsetFound)' != 'true' and '$(PlatformToolset)' != 'v90' and '$(PlatformToolset)' != 'v100' and '$(PlatformToolset)' != 'v110') равно (''!='true' and 'true' != 'true' and 'v141' != 'v90' and 'v141' != 'v100' and 'v141' != 'v110').
     1>Сборка целевого объекта "PlatformPrepareForBuild" в проекте "LP_Lab08L.vcxproj" завершена.
     1>Целевой объект "_CheckWindowsSDKInstalled" в файле "C:\Program Files (x86)\Microsoft Visual Studio\2017\Enterprise\Common7\IDE\VC\VCTargets\Microsoft.Cpp.WindowsSDK.targets" из проекта "D:\Лабы ЯП\LP_Lab08\LP_Lab08L\LP_Lab08L.vcxproj" (целевой объект "PrepareForBuild" зависит от него):
       Задача "VCMessage" пропущена из-за невыполненного условия; выражение ('$(WindowsSDKInstalled)' != 'true') равно ('true' != 'true').
       Задача "VCMessage" пропущена из-за невыполненного условия; выражение ('$(WindowsAppContainer)' != 'true' and '$(WindowsSDK_Desktop_Support)' != true) равно ('false' != 'true' and 'true' != true).
     1>Сборка целевого объекта "_CheckWindowsSDKInstalled" в проекте "LP_Lab08L.vcxproj" завершена.
       Целевой объект "GetFrameworkPaths" пропущен. Предыдущая сборка успешна.
       Целевой объект "GetReferenceAssemblyPaths" пропущен. Предыдущая сборка успешна.
       Целевой объект "AssignLinkMetadata" пропущен из-за невыполненного условия; выражение ( '$(SynthesizeLinkMetadata)' == 'true' ) равно ( '' == 'true' ).
     1>Целевой объект "SetCABuildNativeEnvironmentVariables" в файле "C:\Program Files (x86)\Microsoft Visual Studio\2017\Enterprise\MSBuild\Microsoft\VisualStudio\v15.0\CodeAnalysis\Microsoft.CodeAnalysis.targets" из проекта "D:\Лабы ЯП\LP_Lab08\LP_Lab08L\LP_Lab08L.vcxproj" (целевой объект "PrepareForBuild" зависит от него):
       Задача "SetEnv"
         CAExcludePath=C:\Program Files (x86)\Microsoft Visual Studio\2017\Enterprise\VC\Tools\MSVC\14.16.27023\atlmfc\include;C:\Program Files (x86)\Microsoft Visual Studio\2017\Enterprise\VC\Tools\MSVC\14.16.27023\include;C:\Program Files (x86)\Windows Kits\10\Include\10.0.17763.0\ucrt;;C:\Program Files (x86)\Windows Kits\10\Include\10.0.17763.0\um;C:\Program Files (x86)\Windows Kits\10\Include\10.0.17763.0\shared;C:\Program Files (x86)\Windows Kits\10\Include\10.0.17763.0\winrt;C:\Program Files (x86)\Windows Kits\10\Include\10.0.17763.0\cppwinrt;C:\Program Files (x86)\Windows Kits\NETFXSDK\4.6.1\Include\um;C:\Program Files (x86)\Windows Kits\NETFXSDK\4.6.1\Include\um;
       Выполнение задачи "SetEnv" завершено.
     1>Сборка целевого объекта "SetCABuildNativeEnvironmentVariables" в проекте "LP_Lab08L.vcxproj" завершена.
     1>Целевой объект "PrepareForBuild" в файле "C:\Program Files (x86)\Microsoft Visual Studio\2017\Enterprise\Common7\IDE\VC\VCTargets\Microsoft.CppBuild.targets" из проекта "D:\Лабы ЯП\LP_Lab08\LP_Lab08L\LP_Lab08L.vcxproj" (целевой объект "ResolveAssemblyReferences" зависит от него):
       Задача "VCMessage" пропущена из-за невыполненного условия; выражение ('$(DesignTimeBuild)' != 'true' and '$(ConfigurationPlatformExists)' != 'true') равно ('' != 'true' and 'true' != 'true').
       Задача "MakeDir"
       Выполнение задачи "MakeDir" завершено.
       Задача "VCMessage" пропущена из-за невыполненного условия; выражение ('$(DesignTimeBuild)'!='true' and '$(WindowsAppContainer)'=='true' and '$(ConfigurationType)'!='Application' and '$(ConfigurationType)'!='DynamicLibrary' and '$(ConfigurationType)'!='StaticLibrary') равно (''!='true' and 'false'=='true' and 'StaticLibrary'!='Application' and 'StaticLibrary'!='DynamicLibrary' and 'StaticLibrary'!='StaticLibrary').
       Задача "VCMessage" пропущена из-за невыполненного условия; выражение ('$(DesignTimeBuild)'!='true' and '$(VCToolsInstallDir)'=='' and '$(UseEnv)' != 'true' and ('$(TargetFrameworkVersion)'=='v3.5' or '$(TargetFrameworkVersion)'=='v3.0' or '$(TargetFrameworkVersion)'=='v2.0' )) равно (''!='true' and 'C:\Program Files (x86)\Microsoft Visual Studio\2017\Enterprise\VC\Tools\MSVC\14.16.27023\'=='' and '' != 'true' and ('v4.0'=='v3.5' or 'v4.0'=='v3.0' or 'v4.0'=='v2.0' )).
       Задача "VCMessage" пропущена из-за невыполненного условия; выражение ('$(DesignTimeBuild)'!='true' and '$(VCToolsInstallDir)'=='' and '$(UseEnv)' != 'true' and '$(PlatformToolset)'=='v90') равно (''!='true' and 'C:\Program Files (x86)\Microsoft Visual Studio\2017\Enterprise\VC\Tools\MSVC\14.16.27023\'=='' and '' != 'true' and 'v141'=='v90').
       Задача "VCMessage" пропущена из-за невыполненного условия; выражение ('$(DesignTimeBuild)'!='true' and '$(VCToolsInstallDir)'=='' and '$(UseEnv)' != 'true') равно (''!='true' and 'C:\Program Files (x86)\Microsoft Visual Studio\2017\Enterprise\VC\Tools\MSVC\14.16.27023\'=='' and '' != 'true').
       Задача "VCMessage" пропущена из-за невыполненного условия; выражение ('$(DesignTimeBuild)'!='true' and '$(WindowsSDKDir)'=='' and '$(UseEnv)' != 'true') равно (''!='true' and 'C:\Program Files (x86)\Windows Kits\10\'=='' and '' != 'true').
       Задача "VCMessage" пропущена из-за невыполненного условия; выражение ('$(DesignTimeBuild)'!='true' and '$(IntDirTrailingSlashWarning)'=='true') равно (''!='true' and ''=='true').
       Задача "VCMessage" пропущена из-за невыполненного условия; выражение ('$(DesignTimeBuild)'!='true' and '$(OutDirTrailingSlashWarning)'=='true') равно (''!='true' and ''=='true').
       Задача "VCMessage" пропущена из-за невыполненного условия; выражение ('%(CompatibilityIssues.Identity)' != '' and '$(DesignTimeBuild)'!='true') равно ('' != '' and ''!='true').
       Задача "VCMessage" пропущена из-за невыполненного условия; выражение ('$(IgnoreWarnIntDirSharingDetected)' != 'true' and '$(IntDirSharingDetected)' == 'true') равно ('' != 'true' and '' == 'true').
       Задача "VCMessage" пропущена из-за невыполненного условия; выражение ('$(DesignTimeBuild)'!='true' and '$(IgnoreWarnIntDirInTempDetected)' != 'true' and ('$(_IntDirFullpath.StartsWith($(Tmp), true, null))' == 'true' or '$(_IntDirFullpath.StartsWith($(Temp), true, null))' == 'true' or '$(_OutDirFullpath.StartsWith($(Tmp), true, null))' == 'true' or '$(_OutDirFullpath.StartsWith($(Temp), true, null))' == 'true')) равно (''!='true' and '' != 'true' and ('False' == 'true' or 'False' == 'true' or 'False' == 'true' or 'False' == 'true')).
       Задача "VCMessage" пропущена из-за невыполненного условия; выражение ('$(DesignTimeBuild)' != 'true' and '$(SpectreMitigation)' != '' and '$(SpectreMitigation)' != 'false' and (('$(_VC_Target_Library_Platform)' == 'OneCore' and !Exists('$(VC_LibraryPath_VC_x86_OneCore)')) or ('$(_VC_Target_Library_Platform)' == 'Desktop' and !Exists('$(VC_LibraryPath_VC_x86_Desktop)')))) равно ('' != 'true' and 'false' != '' and 'false' != 'false' and (('Desktop' == 'OneCore' and !Exists('C:\Program Files (x86)\Microsoft Visual Studio\2017\Enterprise\VC\Tools\MSVC\14.16.27023\lib\onecore\x86')) or ('Desktop' == 'Desktop' and !Exists('C:\Program Files (x86)\Microsoft Visual Studio\2017\Enterprise\VC\Tools\MSVC\14.16.27023\lib\x86')))).
       Задача "MakeDir"
       Выполнение задачи "MakeDir" завершено.
     1>Сборка целевого объекта "PrepareForBuild" в проекте "LP_Lab08L.vcxproj" завершена.
       Целевой объект "_PrepareForReferenceResolution" пропущен. Предыдущая сборка успешна.
       Целевой объект "ComputeCrtSDKReference" пропущен из-за невыполненного условия; выражение ('@(ClCompile)'!='' and '$(WindowsAppContainer)'=='true' and '$(UseCrtSDKReference)' != 'false') равно ('Dictionary.cpp;stdafx.cpp'!='' and 'false'=='true' and '' != 'false').
       Целевой объект "GetInstalledSDKLocations" пропущен из-за невыполненного условия; выражение ('@(SDKReference)' != '') равно ('' != '').
     1>Целевой объект "ResolveSDKReferences" в файле "C:\Program Files (x86)\Microsoft Visual Studio\2017\Enterprise\MSBuild\15.0\Bin\Microsoft.Common.CurrentVersion.targets" из проекта "D:\Лабы ЯП\LP_Lab08\LP_Lab08L\LP_Lab08L.vcxproj" (целевой объект "ResolveAssemblyReferences" зависит от него):
       Задача "ResolveSDKReference" пропущена из-за невыполненного условия; выражение ('@(SDKReference)'!='') равно (''!='').
     1>Сборка целевого объекта "ResolveSDKReferences" в проекте "LP_Lab08L.vcxproj" завершена.
       Целевой объект "ResolveSDKReferences" пропущен. Предыдущая сборка успешна.
     1>Целевой объект "ExpandSDKReferences" в файле "C:\Program Files (x86)\Microsoft Visual Studio\2017\Enterprise\MSBuild\15.0\Bin\Microsoft.Common.CurrentVersion.targets" из проекта "D:\Лабы ЯП\LP_Lab08\LP_Lab08L\LP_Lab08L.vcxproj" (целевой объект "ResolveAssemblyReferences" зависит от него):
       Задача "GetSDKReferenceFiles" пропущена из-за невыполненного условия; выражение ('@(ResolvedSDKReference)'!='') равно (''!='').
     1>Сборка целевого объекта "ExpandSDKReferences" в проекте "LP_Lab08L.vcxproj" завершена.
       Целевой объект "ResolveNuGetPackageAssets" пропущен из-за невыполненного условия; выражение ('$(ResolveNuGetPackages)' == 'true' and exists('$(ProjectLockFile)')) равно ('true' == 'true' and exists('obj\project.assets.json')).
       Целевой объект "FakesGenerateBeforeBuild" пропущен из-за невыполненного условия; выражение (@(Fakes) != '' AND $(BuildingProject)) равно ( != '' AND true).
       Целевой объект "ImplicitlyExpandNETStandardFacades" пропущен из-за невыполненного условия; выражение ('$(ImplicitlyExpandNETStandardFacades)' == 'true') равно ('' == 'true').
       Целевой объект "GetReferenceAssemblyPaths" пропущен. Предыдущая сборка успешна.
       Целевой объект "ImplicitlyExpandNETStandardFacades" пропущен из-за невыполненного условия; выражение ('$(ImplicitlyExpandNETStandardFacades)' == 'true') равно ('' == 'true').
     1>Целевой объект "_HandlePackageFileConflicts" в файле "C:\Program Files (x86)\Microsoft Visual Studio\2017\Enterprise\MSBuild\Microsoft\Microsoft.NET.Build.Extensions\Microsoft.NET.Build.Extensions.ConflictResolution.targets" из проекта "D:\Лабы ЯП\LP_Lab08\LP_Lab08L\LP_Lab08L.vcxproj" (целевой объект "ResolveAssemblyReferences" зависит от него):
       Используется задача "ResolvePackageFileConflicts" из сборки "C:\Program Files (x86)\Microsoft Visual Studio\2017\Enterprise\MSBuild\Microsoft\Microsoft.NET.Build.Extensions\\tools\net46\Microsoft.NET.Build.Extensions.Tasks.dll".
       Задача "ResolvePackageFileConflicts"
       Выполнение задачи "ResolvePackageFileConflicts" завершено.
     1>Сборка целевого объекта "_HandlePackageFileConflicts" в проекте "LP_Lab08L.vcxproj" завершена.
     1>Целевой объект "ResolveAssemblyReferences" в файле "C:\Program Files (x86)\Microsoft Visual Studio\2017\Enterprise\MSBuild\15.0\Bin\Microsoft.Common.CurrentVersion.targets" из проекта "D:\Лабы ЯП\LP_Lab08\LP_Lab08L\LP_Lab08L.vcxproj" (целевой объект "ResolveReferences" зависит от него):
       Задача "ResolveAssemblyReference" пропущена из-за невыполненного условия; выражение ('@(Reference)'!='' or '@(_ResolvedProjectReferencePaths)'!='' or '@(_ExplicitReference)' != '') равно (''!='' or ''!='' or '' != '').
     1>Сборка целевого объекта "ResolveAssemblyReferences" в проекте "LP_Lab08L.vcxproj" завершена.
       Целевой объект "GenerateBindingRedirects" пропущен из-за невыполненного условия; выражение ('$(AutoGenerateBindingRedirects)' == 'true' and '$(GenerateBindingRedirectsOutputType)' == 'true') равно ('' == 'true' and '' == 'true').
       Целевой объект "_RemoveZipFileSuggestedRedirect" пропущен из-за невыполненного условия; выражение ('$(_TargetFrameworkVersionWithoutV)' >= '4.7.1' And '$(AllowZipFileRedirect)' != 'true') равно ('4.0' >= '4.7.1' And '' != 'true').
       Целевой объект "GenerateBindingRedirectsUpdateAppConfig" пропущен из-за невыполненного условия; выражение ('$(AutoGenerateBindingRedirects)' == 'true' and '$(GenerateBindingRedirectsOutputType)' == 'true' and Exists('$(_GenerateBindingRedirectsIntermediateAppConfig)')) равно ('' == 'true' and '' == 'true' and Exists('Debug\LP_Lab08L.lib.config')).
       Целевой объект "ResolveComReferences" пропущен из-за невыполненного условия; выражение ('@(COMReference)'!='' or '@(COMFileReference)'!='') равно (''!='' or ''!='').
     1>Целевой объект "AfterResolveReferences" в файле "C:\Program Files (x86)\Microsoft Visual Studio\2017\Enterprise\MSBuild\15.0\Bin\Microsoft.Common.CurrentVersion.targets" из проекта "D:\Лабы ЯП\LP_Lab08\LP_Lab08L\LP_Lab08L.vcxproj" (целевой объект "ResolveReferences" зависит от него):
     1>Сборка целевого объекта "AfterResolveReferences" в проекте "LP_Lab08L.vcxproj" завершена.
       Целевой объект "ImplicitlyExpandDesignTimeFacades" пропущен из-за невыполненного условия; выражение ('$(ImplicitlyExpandDesignTimeFacades)' == 'true') равно ('' == 'true').
       Целевой объект "ResolveTestReferences" пропущен из-за невыполненного условия; выражение ('@(Shadow)'!='') равно (''!='').
     1>Целевой объект "ResolveReferences" в файле "C:\Program Files (x86)\Microsoft Visual Studio\2017\Enterprise\MSBuild\15.0\Bin\Microsoft.Common.CurrentVersion.targets" из проекта "D:\Лабы ЯП\LP_Lab08\LP_Lab08L\LP_Lab08L.vcxproj" (целевой объект "Build" зависит от него):
     1>Сборка целевого объекта "ResolveReferences" в проекте "LP_Lab08L.vcxproj" завершена.
       Целевой объект "PrepareForBuild" пропущен. Предыдущая сборка успешна.
       Целевой объект "PrepareForBuild" пропущен. Предыдущая сборка успешна.
     1>Целевой объект "InitializeBuildStatus" в файле "C:\Program Files (x86)\Microsoft Visual Studio\2017\Enterprise\Common7\IDE\VC\VCTargets\Microsoft.CppBuild.targets" из проекта "D:\Лабы ЯП\LP_Lab08\LP_Lab08L\LP_Lab08L.vcxproj" (целевой объект "Build" зависит от него):
       Задача "ReadLinesFromFile"
       Выполнение задачи "ReadLinesFromFile" завершено.
       Задача "WriteLinesToFile"
       Выполнение задачи "WriteLinesToFile" завершено.
       Используется задача "Touch" из сборки "Microsoft.Build.Tasks.Core, Version=15.1.0.0, Culture=neutral, PublicKeyToken=b03f5f7f11d50a3a".
       Задача "Touch"
         Обращение к "Debug\LP_Lab08L.tlog\unsuccessfulbuild".
       Выполнение задачи "Touch" завершено.
     1>Сборка целевого объекта "InitializeBuildStatus" в проекте "LP_Lab08L.vcxproj" завершена.
       Целевой объект "PrepareProjectReferences" пропущен. Предыдущая сборка успешна.
     1>Целевой объект "BuildGenerateSourcesTraverse" в файле "C:\Program Files (x86)\Microsoft Visual Studio\2017\Enterprise\MSBuild\15.0\Bin\Microsoft.Common.CurrentVersion.targets" из проекта "D:\Лабы ЯП\LP_Lab08\LP_Lab08L\LP_Lab08L.vcxproj" (целевой объект "BuildGenerateSources" зависит от него):
       Задача "MSBuild" пропущена из-за невыполненного условия; выражение ('$(BuildPassReferences)' == 'true' and '@(ProjectReferenceWithConfiguration)' != '' and '@(_MSBuildProjectReferenceExistent)' != '' and '%(_MSBuildProjectReferenceExistent.BuildReference)' == 'true') равно ('' == 'true' and '' != '' and '' != '' and '' == 'true').
     1>Сборка целевого объекта "BuildGenerateSourcesTraverse" в проекте "LP_Lab08L.vcxproj" завершена.
       Целевой объект "PrepareForBuild" пропущен. Предыдущая сборка успешна.
       Целевой объект "ResolveReferences" пропущен. Предыдущая сборка успешна.
     1>Целевой объект "BeforeBuildGenerateSources" в файле "C:\Program Files (x86)\Microsoft Visual Studio\2017\Enterprise\Common7\IDE\VC\VCTargets\Microsoft.BuildSteps.Targets" из проекта "D:\Лабы ЯП\LP_Lab08\LP_Lab08L\LP_Lab08L.vcxproj" (целевой объект "_BuildGenerateSourcesAction" зависит от него):
     1>Сборка целевого объекта "BeforeBuildGenerateSources" в проекте "LP_Lab08L.vcxproj" завершена.
     1>Целевой объект "PreBuildEvent" в файле "C:\Program Files (x86)\Microsoft Visual Studio\2017\Enterprise\Common7\IDE\VC\VCTargets\Microsoft.CppCommon.targets" из проекта "D:\Лабы ЯП\LP_Lab08\LP_Lab08L\LP_Lab08L.vcxproj" (целевой объект "_BuildGenerateSourcesAction" зависит от него):
       Задача "Message" пропущена из-за невыполненного условия; выражение ('%(PreBuildEvent.Message)' != '' and '%(PreBuildEvent.Command)' != '') равно ('' != '' and '' != '').
       Задача "Exec" пропущена из-за невыполненного условия; выражение ('%(PreBuildEvent.Command)' != '') равно ('' != '').
     1>Сборка целевого объекта "PreBuildEvent" в проекте "LP_Lab08L.vcxproj" завершена.
       Целевой объект "CustomBuild" пропущен из-за невыполненного условия; выражение ('@(CustomBuild)' != '') равно ('' != '').
       Целевой объект "FxExport" пропущен из-за невыполненного условия; выражение ('@(FxCompile)' != '') равно ('' != '').
       Целевой объект "FxCompile" пропущен из-за невыполненного условия; выражение ('@(FxCompile)' != '') равно ('' != '').
       Целевой объект "_CreateCopyFileItems" пропущен из-за невыполненного условия; выражение ('@(CopyFileToFolders)' != '') равно ('' != '').
       Целевой объект "PrepareForBuild" пропущен. Предыдущая сборка успешна.
       Целевой объект "InitializeBuildStatus" пропущен. Предыдущая сборка успешна.
       Целевой объект "SetBuildDefaultEnvironmentVariables" пропущен. Предыдущая сборка успешна.
       Целевой объект "SetUserMacroEnvironmentVariables" пропущен из-за невыполненного условия; выражение ('@(BuildMacro)' != '' and '$(DesignTimeBuild)' != 'true') равно ('' != '' and '' != 'true').
     1>Целевой объект "_SelectedFiles" в файле "C:\Program Files (x86)\Microsoft Visual Studio\2017\Enterprise\Common7\IDE\VC\VCTargets\Microsoft.CppBuild.targets" из проекта "D:\Лабы ЯП\LP_Lab08\LP_Lab08L\LP_Lab08L.vcxproj" (целевой объект "CopyFileToFolders" зависит от него):
     1>Сборка целевого объекта "_SelectedFiles" в проекте "LP_Lab08L.vcxproj" завершена.
     1>Целевой объект "CopyFileToFolders" в файле "C:\Program Files (x86)\Microsoft Visual Studio\2017\Enterprise\Common7\IDE\VC\VCTargets\Microsoft.CppCommon.targets" из проекта "D:\Лабы ЯП\LP_Lab08\LP_Lab08L\LP_Lab08L.vcxproj" (целевой объект "_BuildGenerateSourcesAction" зависит от него):
       Используется задача "GetOutOfDateItems" из сборки "C:\Program Files (x86)\Microsoft Visual Studio\2017\Enterprise\Common7\IDE\VC\VCTargets\Microsoft.Build.CppTasks.Common.dll".
       Задача "GetOutOfDateItems"
       Выполнение задачи "GetOutOfDateItems" завершено.
       Задача "Copy" пропущена из-за невыполненного условия; выражение ('@(_OutOfDateCopyFile)' != '') равно ('' != '').
     1>Сборка целевого объекта "CopyFileToFolders" в проекте "LP_Lab08L.vcxproj" завершена.
       Целевой объект "Xsd" пропущен из-за невыполненного условия; выражение ('@(Xsd)' != '') равно ('' != '').
     1>Целевой объект "_Xsd" в файле "C:\Program Files (x86)\Microsoft Visual Studio\2017\Enterprise\Common7\IDE\VC\VCTargets\Microsoft.CppBuild.targets" из проекта "D:\Лабы ЯП\LP_Lab08\LP_Lab08L\LP_Lab08L.vcxproj" (целевой объект "_BuildGenerateSourcesAction" зависит от него):
     1>Сборка целевого объекта "_Xsd" в проекте "LP_Lab08L.vcxproj" завершена.
     1>Целевой объект "MakeDirsForMidl" в файле "C:\Program Files (x86)\Microsoft Visual Studio\2017\Enterprise\Common7\IDE\VC\VCTargets\Microsoft.CppBuild.targets" из проекта "D:\Лабы ЯП\LP_Lab08\LP_Lab08L\LP_Lab08L.vcxproj" (целевой объект "_Midl" зависит от него):
       Задача "Makedir"
       Выполнение задачи "Makedir" завершено.
     1>Сборка целевого объекта "MakeDirsForMidl" в проекте "LP_Lab08L.vcxproj" завершена.
       Целевой объект "Midl" пропущен из-за невыполненного условия; выражение ('@(Midl)' != '') равно ('' != '').
       Целевой объект "CustomBuild" пропущен из-за невыполненного условия; выражение ('@(CustomBuild)' != '') равно ('' != '').
       Целевой объект "FxExport" пропущен из-за невыполненного условия; выражение ('@(FxCompile)' != '') равно ('' != '').
       Целевой объект "FxCompile" пропущен из-за невыполненного условия; выражение ('@(FxCompile)' != '') равно ('' != '').
     1>Целевой объект "ComputeMIDLGeneratedCompileInputs" в файле "C:\Program Files (x86)\Microsoft Visual Studio\2017\Enterprise\Common7\IDE\VC\VCTargets\Microsoft.CppBuild.targets" из проекта "D:\Лабы ЯП\LP_Lab08\LP_Lab08L\LP_Lab08L.vcxproj" (целевой объект "_Midl" зависит от него):
     1>Сборка целевого объекта "ComputeMIDLGeneratedCompileInputs" в проекте "LP_Lab08L.vcxproj" завершена.
     1>Целевой объект "AfterMidl" в файле "C:\Program Files (x86)\Microsoft Visual Studio\2017\Enterprise\Common7\IDE\VC\VCTargets\Microsoft.CppBuild.targets" из проекта "D:\Лабы ЯП\LP_Lab08\LP_Lab08L\LP_Lab08L.vcxproj" (целевой объект "_Midl" зависит от него):
     1>Сборка целевого объекта "AfterMidl" в проекте "LP_Lab08L.vcxproj" завершена.
     1>Целевой объект "_Midl" в файле "C:\Program Files (x86)\Microsoft Visual Studio\2017\Enterprise\Common7\IDE\VC\VCTargets\Microsoft.CppBuild.targets" из проекта "D:\Лабы ЯП\LP_Lab08\LP_Lab08L\LP_Lab08L.vcxproj" (целевой объект "_BuildGenerateSourcesAction" зависит от него):
     1>Сборка целевого объекта "_Midl" в проекте "LP_Lab08L.vcxproj" завершена.
     1>Целевой объект "AfterBuildGenerateSources" в файле "C:\Program Files (x86)\Microsoft Visual Studio\2017\Enterprise\Common7\IDE\VC\VCTargets\Microsoft.BuildSteps.Targets" из проекта "D:\Лабы ЯП\LP_Lab08\LP_Lab08L\LP_Lab08L.vcxproj" (целевой объект "_BuildGenerateSourcesAction" зависит от него):
     1>Сборка целевого объекта "AfterBuildGenerateSources" в проекте "LP_Lab08L.vcxproj" завершена.
     1>Целевой объект "AfterBuildGenerateSourcesEvent" в файле "C:\Program Files (x86)\Microsoft Visual Studio\2017\Enterprise\Common7\IDE\VC\VCTargets\Microsoft.CppBuild.targets" из проекта "D:\Лабы ЯП\LP_Lab08\LP_Lab08L\LP_Lab08L.vcxproj" (целевой объект "_BuildGenerateSourcesAction" зависит от него):
     1>Сборка целевого объекта "AfterBuildGenerateSourcesEvent" в проекте "LP_Lab08L.vcxproj" завершена.
     1>Целевой объект "_BuildGenerateSourcesAction" в файле "C:\Program Files (x86)\Microsoft Visual Studio\2017\Enterprise\Common7\IDE\VC\VCTargets\Microsoft.CppBuild.targets" из проекта "D:\Лабы ЯП\LP_Lab08\LP_Lab08L\LP_Lab08L.vcxproj" (целевой объект "BuildGenerateSources" зависит от него):
     1>Сборка целевого объекта "_BuildGenerateSourcesAction" в проекте "LP_Lab08L.vcxproj" завершена.
     1>Целевой объект "BuildGenerateSources" в файле "C:\Program Files (x86)\Microsoft Visual Studio\2017\Enterprise\MSBuild\15.0\Bin\Microsoft.Common.CurrentVersion.targets" из проекта "D:\Лабы ЯП\LP_Lab08\LP_Lab08L\LP_Lab08L.vcxproj" (целевой объект "Build" зависит от него):
     1>Сборка целевого объекта "BuildGenerateSources" в проекте "LP_Lab08L.vcxproj" завершена.
       Целевой объект "PrepareProjectReferences" пропущен. Предыдущая сборка успешна.
     1>Целевой объект "BuildCompileTraverse" в файле "C:\Program Files (x86)\Microsoft Visual Studio\2017\Enterprise\MSBuild\15.0\Bin\Microsoft.Common.CurrentVersion.targets" из проекта "D:\Лабы ЯП\LP_Lab08\LP_Lab08L\LP_Lab08L.vcxproj" (целевой объект "BuildCompile" зависит от него):
       Задача "MSBuild" пропущена из-за невыполненного условия; выражение ('$(BuildPassReferences)' == 'true' and '@(ProjectReferenceWithConfiguration)' != '' and '@(_MSBuildProjectReferenceExistent)' != ''  and '%(_MSBuildProjectReferenceExistent.BuildReference)' == 'true') равно ('' == 'true' and '' != '' and '' != ''  and '' == 'true').
     1>Сборка целевого объекта "BuildCompileTraverse" в проекте "LP_Lab08L.vcxproj" завершена.
       Целевой объект "PrepareForBuild" пропущен. Предыдущая сборка успешна.
       Целевой объект "ResolveReferences" пропущен. Предыдущая сборка успешна.
     1>Целевой объект "BeforeClCompile" в файле "C:\Program Files (x86)\Microsoft Visual Studio\2017\Enterprise\Common7\IDE\VC\VCTargets\Microsoft.CppBuild.targets" из проекта "D:\Лабы ЯП\LP_Lab08\LP_Lab08L\LP_Lab08L.vcxproj" (целевой объект "_ClCompile" зависит от него):
     1>Сборка целевого объекта "BeforeClCompile" в проекте "LP_Lab08L.vcxproj" завершена.
       Целевой объект "ComputeMIDLGeneratedCompileInputs" пропущен. Предыдущая сборка успешна.
     1>Целевой объект "ComputeCLInputPDBName" в файле "C:\Program Files (x86)\Microsoft Visual Studio\2017\Enterprise\Common7\IDE\VC\VCTargets\Microsoft.CppBuild.targets" из проекта "D:\Лабы ЯП\LP_Lab08\LP_Lab08L\LP_Lab08L.vcxproj" (целевой объект "_ClCompile" зависит от него):
     1>Сборка целевого объекта "ComputeCLInputPDBName" в проекте "LP_Lab08L.vcxproj" завершена.
       Целевой объект "ResolveReferences" пропущен. Предыдущая сборка успешна.
     1>Целевой объект "ComputeReferenceCLInput" в файле "C:\Program Files (x86)\Microsoft Visual Studio\2017\Enterprise\Common7\IDE\VC\VCTargets\Microsoft.CppBuild.targets" из проекта "D:\Лабы ЯП\LP_Lab08\LP_Lab08L\LP_Lab08L.vcxproj" (целевой объект "_ClCompile" зависит от него):
       Задача "WriteLinesToFile" пропущена из-за невыполненного условия; выражение (('@(_ReferenceCopyLocalPaths)'!='') and '$(DesignTimeBuild)' != 'true') равно ((''!='') and '' != 'true').
       Задача "Message" пропущена из-за невыполненного условия; выражение ('$(_REFERENCE_DEBUG)'=='true') равно (''=='true').
     1>Сборка целевого объекта "ComputeReferenceCLInput" в проекте "LP_Lab08L.vcxproj" завершена.
     1>Целевой объект "WarnCompileDuplicatedFilename" в файле "C:\Program Files (x86)\Microsoft Visual Studio\2017\Enterprise\Common7\IDE\VC\VCTargets\Microsoft.CppBuild.targets" из проекта "D:\Лабы ЯП\LP_Lab08\LP_Lab08L\LP_Lab08L.vcxproj" (целевой объект "_ClCompile" зависит от него):
       Задача "VCMessage" пропущена из-за невыполненного условия; выражение ('%(ClCompile.ExcludedFromBuild)' != 'true' and '%(Filename)%(Extension)' != '@(ClCompile->'%(Filename)%(Extension)')' and '%(ObjectFileName)' == '@(ClCompile->Metadata(ObjectFileName)->Distinct())') равно ('' != 'true' and 'Dictionary.cpp' != 'Dictionary.cpp' and 'Debug\' == 'Debug\').
       Задача "VCMessage" пропущена из-за невыполненного условия; выражение ('%(ClCompile.ExcludedFromBuild)' != 'true' and '%(Filename)%(Extension)' != '@(ClCompile->'%(Filename)%(Extension)')' and '%(ObjectFileName)' == '@(ClCompile->Metadata(ObjectFileName)->Distinct())') равно ('' != 'true' and 'stdafx.cpp' != 'stdafx.cpp' and 'Debug\' == 'Debug\').
     1>Сборка целевого объекта "WarnCompileDuplicatedFilename" в проекте "LP_Lab08L.vcxproj" завершена.
     1>Целевой объект "FixupCLCompileOptions" в файле "C:\Program Files (x86)\Microsoft Visual Studio\2017\Enterprise\Common7\IDE\VC\VCTargets\Microsoft.CppCommon.targets" из проекта "D:\Лабы ЯП\LP_Lab08\LP_Lab08L\LP_Lab08L.vcxproj" (целевой объект "_ClCompile" зависит от него):
     1>Сборка целевого объекта "FixupCLCompileOptions" в проекте "LP_Lab08L.vcxproj" завершена.
     1>Целевой объект "MakeDirsForCl" в файле "C:\Program Files (x86)\Microsoft Visual Studio\2017\Enterprise\Common7\IDE\VC\VCTargets\Microsoft.CppBuild.targets" из проекта "D:\Лабы ЯП\LP_Lab08\LP_Lab08L\LP_Lab08L.vcxproj" (целевой объект "_ClCompile" зависит от него):
       Задача "MakeDir"
       Выполнение задачи "MakeDir" завершено.
     1>Сборка целевого объекта "MakeDirsForCl" в проекте "LP_Lab08L.vcxproj" завершена.
       Целевой объект "_SelectedFiles" пропущен. Предыдущая сборка успешна.
       Целевой объект "ComputeMIDLGeneratedCompileInputs" пропущен. Предыдущая сборка успешна.
       Целевой объект "ComputeCLInputPDBName" пропущен. Предыдущая сборка успешна.
       Целевой объект "ComputeReferenceCLInput" пропущен. Предыдущая сборка успешна.
       Целевой объект "WarnCompileDuplicatedFilename" пропущен. Предыдущая сборка успешна.
       Целевой объект "FixupCLCompileOptions" пропущен. Предыдущая сборка успешна.
       Целевой объект "_SelectedFiles" пропущен. Предыдущая сборка успешна.
     1>Целевой объект "SelectCustomBuild" в файле "C:\Program Files (x86)\Microsoft Visual Studio\2017\Enterprise\Common7\IDE\VC\VCTargets\Microsoft.CppBuild.targets" из проекта "D:\Лабы ЯП\LP_Lab08\LP_Lab08L\LP_Lab08L.vcxproj" (целевой объект "SelectClCompile" зависит от него):
     1>Сборка целевого объекта "SelectCustomBuild" в проекте "LP_Lab08L.vcxproj" завершена.
     1>Целевой объект "SelectClCompile" в файле "C:\Program Files (x86)\Microsoft Visual Studio\2017\Enterprise\Common7\IDE\VC\VCTargets\Microsoft.CppBuild.targets" из проекта "D:\Лабы ЯП\LP_Lab08\LP_Lab08L\LP_Lab08L.vcxproj" (целевой объект "ClCompile" зависит от него):
     1>Сборка целевого объекта "SelectClCompile" в проекте "LP_Lab08L.vcxproj" завершена.
       Целевой объект "GenerateTargetFrameworkMonikerAttribute" пропущен из-за невыполненного условия; выражение ('$(GenerateTargetFrameworkAttribute)' == 'true') равно ('false' == 'true').
       Целевой объект "ManagedIncrementalBuildPreProcessDependencyGraph" пропущен из-за невыполненного условия; выражение ('@(ClCompile)' != '' and '$(EnableManagedIncrementalBuild)' == 'True') равно ('Dictionary.cpp;stdafx.cpp' != '' and 'false' == 'True').
     1>Целевой объект "ClCompile" в файле "C:\Program Files (x86)\Microsoft Visual Studio\2017\Enterprise\Common7\IDE\VC\VCTargets\Microsoft.CppCommon.targets" из проекта "D:\Лабы ЯП\LP_Lab08\LP_Lab08L\LP_Lab08L.vcxproj" (целевой объект "_ClCompile" зависит от него):
       Задача "Delete"
         Файл "Debug\LP_Lab08L.pch" не существует. Пропускается.
       Выполнение задачи "Delete" завершено.
       Задача "CL" пропущена из-за невыполненного условия; выражение ('%(ClCompile.PrecompiledHeader)' == 'Create' and '%(ClCompile.ExcludedFromBuild)'!='true' and '%(ClCompile.CompilerIteration)' == '') равно ('Use' == 'Create' and ''!='true' and '' == '').
       Используется задача "CL" из сборки "C:\Program Files (x86)\Microsoft Visual Studio\2017\Enterprise\Common7\IDE\VC\VCTargets\Microsoft.Build.CppTasks.Common.dll".
       Задача "CL"
         Выполняется принудительная повторная компиляция всех исходных файлов в связи с отсутствием PDB-файла "Debug\LP_Lab08L.pdb".
         Переменные окружения переданы инструменту:
           VS_UNICODE_OUTPUT=1800
         C:\Program Files (x86)\Microsoft Visual Studio\2017\Enterprise\VC\Tools\MSVC\14.16.27023\bin\HostX86\x86\CL.exe /c /ZI /JMC /nologo /W3 /WX- /diagnostics:classic /sdl /Od /Oy- /D WIN32 /D _DEBUG /D _LIB /D _UNICODE /D UNICODE /Gm- /EHsc /RTC1 /MDd /GS /fp:precise /permissive- /Zc:wchar_t /Zc:forScope /Zc:inline /Yc"stdafx.h" /Fp"Debug\LP_Lab08L.pch" /Fo"Debug\\" /Fd"Debug\LP_Lab08L.pdb" /Gd /TP /analyze- /FC /errorReport:prompt stdafx.cpp
         Команда отслеживания:
         C:\Program Files (x86)\Microsoft Visual Studio\2017\Enterprise\MSBuild\15.0\Bin\Tracker.exe /d "C:\Program Files (x86)\MSBuild\15.0\FileTracker\FileTracker32.dll" /i "D:\Лабы ЯП\LP_Lab08\LP_Lab08L\Debug\LP_Lab08L.tlog" /r "D:\ЛАБЫ ЯП\LP_LAB08\LP_LAB08L\STDAFX.CPP" /b MSBuildConsole_CancelEventc709ef7d75e34e0f8b1f46a2f543bf5d  /c "C:\Program Files (x86)\Microsoft Visual Studio\2017\Enterprise\VC\Tools\MSVC\14.16.27023\bin\HostX86\x86\CL.exe"  /c /ZI /JMC /nologo /W3 /WX- /diagnostics:classic /sdl /Od /Oy- /D WIN32 /D _DEBUG /D _LIB /D _UNICODE /D UNICODE /Gm- /EHsc /RTC1 /MDd /GS /fp:precise /permissive- /Zc:wchar_t /Zc:forScope /Zc:inline /Yc"stdafx.h" /Fp"Debug\LP_Lab08L.pch" /Fo"Debug\\" /Fd"Debug\LP_Lab08L.pdb" /Gd /TP /analyze- /FC /errorReport:prompt stdafx.cpp
         stdafx.cpp
       Выполнение задачи "CL" завершено.
       Задача "CL"
         Журналы отслеживания чтения:
         	Debug\LP_Lab08L.tlog\CL.read.1.tlog
         Выходные данные для D:\ЛАБЫ ЯП\LP_LAB08\LP_LAB08L\DICTIONARY.CPP:
         	D:\ЛАБЫ ЯП\LP_LAB08\LP_LAB08L\DEBUG\DICTIONARY.OBJ
         Будет выполнена компиляция исходного кода "Dictionary.cpp", так как он отсутствует в журнале отслеживания.
         Выходные данные для D:\ЛАБЫ ЯП\LP_LAB08\LP_LAB08L\DICTIONARY.CPP:
         	D:\ЛАБЫ ЯП\LP_LAB08\LP_LAB08L\DEBUG\DICTIONARY.OBJ
         Журналы отслеживания записи:
         	Debug\LP_Lab08L.tlog\CL.write.1.tlog
         Переменные окружения переданы инструменту:
           VS_UNICODE_OUTPUT=1228
         C:\Program Files (x86)\Microsoft Visual Studio\2017\Enterprise\VC\Tools\MSVC\14.16.27023\bin\HostX86\x86\CL.exe /c /ZI /JMC /nologo /W3 /WX- /diagnostics:classic /sdl /Od /Oy- /D WIN32 /D _DEBUG /D _LIB /D _UNICODE /D UNICODE /Gm- /EHsc /RTC1 /MDd /GS /fp:precise /permissive- /Zc:wchar_t /Zc:forScope /Zc:inline /Yu"stdafx.h" /Fp"Debug\LP_Lab08L.pch" /Fo"Debug\\" /Fd"Debug\LP_Lab08L.pdb" /Gd /TP /analyze- /FC /errorReport:prompt Dictionary.cpp
         Команда отслеживания:
         C:\Program Files (x86)\Microsoft Visual Studio\2017\Enterprise\MSBuild\15.0\Bin\Tracker.exe /d "C:\Program Files (x86)\MSBuild\15.0\FileTracker\FileTracker32.dll" /i "D:\Лабы ЯП\LP_Lab08\LP_Lab08L\Debug\LP_Lab08L.tlog" /r "D:\ЛАБЫ ЯП\LP_LAB08\LP_LAB08L\DICTIONARY.CPP" /b MSBuildConsole_CancelEvent148dc38686cc4095a2e03f18a4ca3975  /c "C:\Program Files (x86)\Microsoft Visual Studio\2017\Enterprise\VC\Tools\MSVC\14.16.27023\bin\HostX86\x86\CL.exe"  /c /ZI /JMC /nologo /W3 /WX- /diagnostics:classic /sdl /Od /Oy- /D WIN32 /D _DEBUG /D _LIB /D _UNICODE /D UNICODE /Gm- /EHsc /RTC1 /MDd /GS /fp:precise /permissive- /Zc:wchar_t /Zc:forScope /Zc:inline /Yu"stdafx.h" /Fp"Debug\LP_Lab08L.pch" /Fo"Debug\\" /Fd"Debug\LP_Lab08L.pdb" /Gd /TP /analyze- /FC /errorReport:prompt Dictionary.cpp
         Dictionary.cpp
     1>d:\лабы яп\lp_lab08\lp_lab08l\dictionary.cpp(28): warning C4101: e: неиспользованная локальная переменная
     1>d:\лабы яп\lp_lab08\lp_lab08l\dictionary.cpp(61): warning C4101: e: неиспользованная локальная переменная
       Выполнение задачи "CL" завершено.
       Задача "CL" пропущена из-за невыполненного условия; выражение ('%(ClCompile.PrecompiledHeader)' != 'Create' and '%(ClCompile.ExcludedFromBuild)'!='true' and '%(ClCompile.CompilerIteration)' == '' and @(ClCompile) != '') равно ('Create' != 'Create' and ''!='true' and '' == '' and stdafx.cpp != '').
     1>Сборка целевого объекта "ClCompile" в проекте "LP_Lab08L.vcxproj" завершена.
       Целевой объект "RunSelectedFileNativeCodeAnalysis" пропущен из-за невыполненного условия; выражение ('$(RunCppAnalysis)'=='true' and '$(SelectedFiles)'!='') равно ('false'=='true' and ''!='').
       Целевой объект "ManagedIncrementalBuildPostProcessDependencyGraph" пропущен из-за невыполненного условия; выражение ('@(ClCompile)' != '' and '$(EnableManagedIncrementalBuild)' == 'True') равно ('Dictionary.cpp;stdafx.cpp' != '' and 'false' == 'True').
     1>Целевой объект "AfterClCompile" в файле "C:\Program Files (x86)\Microsoft Visual Studio\2017\Enterprise\Common7\IDE\VC\VCTargets\Microsoft.CppBuild.targets" из проекта "D:\Лабы ЯП\LP_Lab08\LP_Lab08L\LP_Lab08L.vcxproj" (целевой объект "_ClCompile" зависит от него):
     1>Сборка целевого объекта "AfterClCompile" в проекте "LP_Lab08L.vcxproj" завершена.
     1>Целевой объект "_ClCompile" в файле "C:\Program Files (x86)\Microsoft Visual Studio\2017\Enterprise\Common7\IDE\VC\VCTargets\Microsoft.CppBuild.targets" из проекта "D:\Лабы ЯП\LP_Lab08\LP_Lab08L\LP_Lab08L.vcxproj" (целевой объект "_BuildCompileAction" зависит от него):
     1>Сборка целевого объекта "_ClCompile" в проекте "LP_Lab08L.vcxproj" завершена.
       Целевой объект "_ResGen" пропущен из-за невыполненного условия; выражение ('@(EmbeddedResource)'!='') равно (''!='').
     1>Целевой объект "BeforeResourceCompile" в файле "C:\Program Files (x86)\Microsoft Visual Studio\2017\Enterprise\Common7\IDE\VC\VCTargets\Microsoft.CppBuild.targets" из проекта "D:\Лабы ЯП\LP_Lab08\LP_Lab08L\LP_Lab08L.vcxproj" (целевой объект "_ResourceCompile" зависит от него):
     1>Сборка целевого объекта "BeforeResourceCompile" в проекте "LP_Lab08L.vcxproj" завершена.
     1>Целевой объект "MakeDirsForResourceCompile" в файле "C:\Program Files (x86)\Microsoft Visual Studio\2017\Enterprise\Common7\IDE\VC\VCTargets\Microsoft.CppBuild.targets" из проекта "D:\Лабы ЯП\LP_Lab08\LP_Lab08L\LP_Lab08L.vcxproj" (целевой объект "_ResourceCompile" зависит от него):
       Задача "MakeDir"
       Выполнение задачи "MakeDir" завершено.
     1>Сборка целевого объекта "MakeDirsForResourceCompile" в проекте "LP_Lab08L.vcxproj" завершена.
       Целевой объект "ResourceCompile" пропущен из-за невыполненного условия; выражение ('@(ResourceCompile)' != '') равно ('' != '').
     1>Целевой объект "AfterResourceCompile" в файле "C:\Program Files (x86)\Microsoft Visual Studio\2017\Enterprise\Common7\IDE\VC\VCTargets\Microsoft.CppBuild.targets" из проекта "D:\Лабы ЯП\LP_Lab08\LP_Lab08L\LP_Lab08L.vcxproj" (целевой объект "_ResourceCompile" зависит от него):
     1>Сборка целевого объекта "AfterResourceCompile" в проекте "LP_Lab08L.vcxproj" завершена.
     1>Целевой объект "_ResourceCompile" в файле "C:\Program Files (x86)\Microsoft Visual Studio\2017\Enterprise\Common7\IDE\VC\VCTargets\Microsoft.CppBuild.targets" из проекта "D:\Лабы ЯП\LP_Lab08\LP_Lab08L\LP_Lab08L.vcxproj" (целевой объект "_BuildCompileAction" зависит от него):
     1>Сборка целевого объекта "_ResourceCompile" в проекте "LP_Lab08L.vcxproj" завершена.
       Целевой объект "_ImpLib" пропущен из-за невыполненного условия; выражение ('$(ImpLibCompiled)' == 'true') равно ('' == 'true').
     1>Целевой объект "BeforeLib" в файле "C:\Program Files (x86)\Microsoft Visual Studio\2017\Enterprise\Common7\IDE\VC\VCTargets\Microsoft.CppBuild.targets" из проекта "D:\Лабы ЯП\LP_Lab08\LP_Lab08L\LP_Lab08L.vcxproj" (целевой объект "_Lib" зависит от него):
     1>Сборка целевого объекта "BeforeLib" в проекте "LP_Lab08L.vcxproj" завершена.
     1>Целевой объект "ComputeLibAdditionalOptions" в файле "C:\Program Files (x86)\Microsoft Visual Studio\2017\Enterprise\Common7\IDE\VC\VCTargets\Microsoft.CppBuild.targets" из проекта "D:\Лабы ЯП\LP_Lab08\LP_Lab08L\LP_Lab08L.vcxproj" (целевой объект "_Lib" зависит от него):
     1>Сборка целевого объекта "ComputeLibAdditionalOptions" в проекте "LP_Lab08L.vcxproj" завершена.
     1>Целевой объект "ComputeRCOutputs" в файле "C:\Program Files (x86)\Microsoft Visual Studio\2017\Enterprise\Common7\IDE\VC\VCTargets\Microsoft.CppBuild.targets" из проекта "D:\Лабы ЯП\LP_Lab08\LP_Lab08L\LP_Lab08L.vcxproj" (целевой объект "ComputeRCGeneratedLibInputs" зависит от него):
     1>Сборка целевого объекта "ComputeRCOutputs" в проекте "LP_Lab08L.vcxproj" завершена.
     1>Целевой объект "ComputeRCGeneratedLibInputs" в файле "C:\Program Files (x86)\Microsoft Visual Studio\2017\Enterprise\Common7\IDE\VC\VCTargets\Microsoft.CppBuild.targets" из проекта "D:\Лабы ЯП\LP_Lab08\LP_Lab08L\LP_Lab08L.vcxproj" (целевой объект "_Lib" зависит от него):
     1>Сборка целевого объекта "ComputeRCGeneratedLibInputs" в проекте "LP_Lab08L.vcxproj" завершена.
     1>Целевой объект "ComputeCustomBuildOutput" в файле "C:\Program Files (x86)\Microsoft Visual Studio\2017\Enterprise\Common7\IDE\VC\VCTargets\Microsoft.CppBuild.targets" из проекта "D:\Лабы ЯП\LP_Lab08\LP_Lab08L\LP_Lab08L.vcxproj" (целевой объект "_Lib" зависит от него):
       Задача "CreateItem" пропущена из-за невыполненного условия; выражение ('%(CustomBuildOutputs.OutputItemType)'!='') равно (''!='').
       Задача "MakeDir"
       Выполнение задачи "MakeDir" завершено.
     1>Сборка целевого объекта "ComputeCustomBuildOutput" в проекте "LP_Lab08L.vcxproj" завершена.
       Целевой объект "ComputeMIDLGeneratedCompileInputs" пропущен. Предыдущая сборка успешна.
       Целевой объект "ComputeCLInputPDBName" пропущен. Предыдущая сборка успешна.
       Целевой объект "ComputeReferenceCLInput" пропущен. Предыдущая сборка успешна.
       Целевой объект "WarnCompileDuplicatedFilename" пропущен. Предыдущая сборка успешна.
       Целевой объект "FixupCLCompileOptions" пропущен. Предыдущая сборка успешна.
     1>Целевой объект "ComputeCLOutputs" в файле "C:\Program Files (x86)\Microsoft Visual Studio\2017\Enterprise\Common7\IDE\VC\VCTargets\Microsoft.CppBuild.targets" из проекта "D:\Лабы ЯП\LP_Lab08\LP_Lab08L\LP_Lab08L.vcxproj" (целевой объект "ComputeCLGeneratedLibInputs" зависит от него):
     1>Сборка целевого объекта "ComputeCLOutputs" в проекте "LP_Lab08L.vcxproj" завершена.
     1>Целевой объект "ComputeCLGeneratedLibInputs" в файле "C:\Program Files (x86)\Microsoft Visual Studio\2017\Enterprise\Common7\IDE\VC\VCTargets\Microsoft.CppBuild.targets" из проекта "D:\Лабы ЯП\LP_Lab08\LP_Lab08L\LP_Lab08L.vcxproj" (целевой объект "_Lib" зависит от него):
     1>Сборка целевого объекта "ComputeCLGeneratedLibInputs" в проекте "LP_Lab08L.vcxproj" завершена.
     1>Целевой объект "ComputeLibInputsFromProject" в файле "C:\Program Files (x86)\Microsoft Visual Studio\2017\Enterprise\Common7\IDE\VC\VCTargets\Microsoft.CppBuild.targets" из проекта "D:\Лабы ЯП\LP_Lab08\LP_Lab08L\LP_Lab08L.vcxproj" (целевой объект "_Lib" зависит от него):
     1>Сборка целевого объекта "ComputeLibInputsFromProject" в проекте "LP_Lab08L.vcxproj" завершена.
       Целевой объект "ComputeReferenceLibInputs" пропущен из-за невыполненного условия; выражение (@(ProjectReference) != '') равно ( != '').
     1>Целевой объект "MakeDirsForLib" в файле "C:\Program Files (x86)\Microsoft Visual Studio\2017\Enterprise\Common7\IDE\VC\VCTargets\Microsoft.CppBuild.targets" из проекта "D:\Лабы ЯП\LP_Lab08\LP_Lab08L\LP_Lab08L.vcxproj" (целевой объект "_Lib" зависит от него):
       Задача "MakeDir"
       Выполнение задачи "MakeDir" завершено.
     1>Сборка целевого объекта "MakeDirsForLib" в проекте "LP_Lab08L.vcxproj" завершена.
     1>Целевой объект "DoLibOutputFilesMatch" в файле "C:\Program Files (x86)\Microsoft Visual Studio\2017\Enterprise\Common7\IDE\VC\VCTargets\Microsoft.CppBuild.targets" из проекта "D:\Лабы ЯП\LP_Lab08\LP_Lab08L\LP_Lab08L.vcxproj" (целевой объект "_Lib" зависит от него):
       Задача "VCMessage" пропущена из-за невыполненного условия; выражение ('@(_OutputFileFromLib)' == '') равно ('D:\Лабы ЯП\LP_Lab08\Debug\LP_Lab08L.lib' == '').
       Задача "VCMessage" пропущена из-за невыполненного условия; выражение ('@(_OutputFileFromLib)' != '' and '%(_OutputFileFromLib.FullPath)' != '$([System.IO.Path]::GetFullPath($(TargetPath)))') равно ('D:\Лабы ЯП\LP_Lab08\Debug\LP_Lab08L.lib' != '' and 'D:\Лабы ЯП\LP_Lab08\Debug\LP_Lab08L.lib' != 'D:\Лабы ЯП\LP_Lab08\Debug\LP_Lab08L.lib').
       Задача "VCMessage" пропущена из-за невыполненного условия; выражение ('@(_OutputFileFromLib)' != '' and '%(_OutputFileFromLib.Extension)' != '' and '%(_OutputFileFromLib.Extension)' != '$(TargetExt)') равно ('D:\Лабы ЯП\LP_Lab08\Debug\LP_Lab08L.lib' != '' and '.lib' != '' and '.lib' != '.lib').
       Задача "VCMessage" пропущена из-за невыполненного условия; выражение ('@(_OutputFileFromLib)' != '' and '%(_OutputFileFromLib.Filename)' !=  '' and '%(_OutputFileFromLib.Filename)' != '$(TargetName)') равно ('D:\Лабы ЯП\LP_Lab08\Debug\LP_Lab08L.lib' != '' and 'LP_Lab08L' !=  '' and 'LP_Lab08L' != 'LP_Lab08L').
     1>Сборка целевого объекта "DoLibOutputFilesMatch" в проекте "LP_Lab08L.vcxproj" завершена.
     1>Целевой объект "PreLinkEvent" в файле "C:\Program Files (x86)\Microsoft Visual Studio\2017\Enterprise\Common7\IDE\VC\VCTargets\Microsoft.CppCommon.targets" из проекта "D:\Лабы ЯП\LP_Lab08\LP_Lab08L\LP_Lab08L.vcxproj" (целевой объект "_Lib" зависит от него):
       Задача "Message" пропущена из-за невыполненного условия; выражение ('%(PreLinkEvent.Message)' != '' and '%(PreLinkEvent.Command)' != '') равно ('' != '' and '' != '').
       Задача "Exec" пропущена из-за невыполненного условия; выражение ('%(PreLinkEvent.Command)' != '') равно ('' != '').
     1>Сборка целевого объекта "PreLinkEvent" в проекте "LP_Lab08L.vcxproj" завершена.
     1>Целевой объект "Lib" в файле "C:\Program Files (x86)\Microsoft Visual Studio\2017\Enterprise\Common7\IDE\VC\VCTargets\Microsoft.CppCommon.targets" из проекта "D:\Лабы ЯП\LP_Lab08\LP_Lab08L\LP_Lab08L.vcxproj" (целевой объект "_Lib" зависит от него):
       Используется задача "LIB" из сборки "C:\Program Files (x86)\Microsoft Visual Studio\2017\Enterprise\Common7\IDE\VC\VCTargets\Microsoft.Build.CppTasks.Common.dll".
       Задача "LIB"
         Все исходные файлы устарели: отсутствует журнал отслеживания команд "D:\Лабы ЯП\LP_Lab08\LP_Lab08L\Debug\LP_Lab08L.tlog\Lib.command.1.tlog".
         C:\Program Files (x86)\Microsoft Visual Studio\2017\Enterprise\VC\Tools\MSVC\14.16.27023\bin\HostX86\x86\Lib.exe /OUT:"D:\Лабы ЯП\LP_Lab08\Debug\LP_Lab08L.lib" /NOLOGO Debug\Dictionary.obj
         Debug\stdafx.obj
         Команда отслеживания:
         C:\Program Files (x86)\Microsoft Visual Studio\2017\Enterprise\MSBuild\15.0\Bin\Tracker.exe /d "C:\Program Files (x86)\MSBuild\15.0\FileTracker\FileTracker32.dll" /i "D:\Лабы ЯП\LP_Lab08\LP_Lab08L\Debug\LP_Lab08L.tlog" /r "D:\ЛАБЫ ЯП\LP_LAB08\LP_LAB08L\DEBUG\DICTIONARY.OBJ|D:\ЛАБЫ ЯП\LP_LAB08\LP_LAB08L\DEBUG\STDAFX.OBJ" /b MSBuildConsole_CancelEvent3e8a148b4f8a44a98d0b01c63864addb  /c "C:\Program Files (x86)\Microsoft Visual Studio\2017\Enterprise\VC\Tools\MSVC\14.16.27023\bin\HostX86\x86\Lib.exe"  /OUT:"D:\Лабы ЯП\LP_Lab08\Debug\LP_Lab08L.lib" /NOLOGO Debug\Dictionary.obj
         Debug\stdafx.obj
       Выполнение задачи "LIB" завершено.
       Задача "Message"
         LP_Lab08L.vcxproj -> D:\Лабы ЯП\LP_Lab08\Debug\LP_Lab08L.lib
       Выполнение задачи "Message" завершено.
     1>Сборка целевого объекта "Lib" в проекте "LP_Lab08L.vcxproj" завершена.
     1>Целевой объект "AfterLib" в файле "C:\Program Files (x86)\Microsoft Visual Studio\2017\Enterprise\Common7\IDE\VC\VCTargets\Microsoft.CppBuild.targets" из проекта "D:\Лабы ЯП\LP_Lab08\LP_Lab08L\LP_Lab08L.vcxproj" (целевой объект "_Lib" зависит от него):
     1>Сборка целевого объекта "AfterLib" в проекте "LP_Lab08L.vcxproj" завершена.
     1>Целевой объект "_Lib" в файле "C:\Program Files (x86)\Microsoft Visual Studio\2017\Enterprise\Common7\IDE\VC\VCTargets\Microsoft.CppBuild.targets" из проекта "D:\Лабы ЯП\LP_Lab08\LP_Lab08L\LP_Lab08L.vcxproj" (целевой объект "_BuildCompileAction" зависит от него):
     1>Сборка целевого объекта "_Lib" в проекте "LP_Lab08L.vcxproj" завершена.
     1>Целевой объект "AfterBuildCompileEvent" в файле "C:\Program Files (x86)\Microsoft Visual Studio\2017\Enterprise\Common7\IDE\VC\VCTargets\Microsoft.CppBuild.targets" из проекта "D:\Лабы ЯП\LP_Lab08\LP_Lab08L\LP_Lab08L.vcxproj" (целевой объект "_BuildCompileAction" зависит от него):
     1>Сборка целевого объекта "AfterBuildCompileEvent" в проекте "LP_Lab08L.vcxproj" завершена.
     1>Целевой объект "_BuildCompileAction" в файле "C:\Program Files (x86)\Microsoft Visual Studio\2017\Enterprise\Common7\IDE\VC\VCTargets\Microsoft.CppBuild.targets" из проекта "D:\Лабы ЯП\LP_Lab08\LP_Lab08L\LP_Lab08L.vcxproj" (целевой объект "BuildCompile" зависит от него):
     1>Сборка целевого объекта "_BuildCompileAction" в проекте "LP_Lab08L.vcxproj" завершена.
     1>Целевой объект "BuildCompile" в файле "C:\Program Files (x86)\Microsoft Visual Studio\2017\Enterprise\MSBuild\15.0\Bin\Microsoft.Common.CurrentVersion.targets" из проекта "D:\Лабы ЯП\LP_Lab08\LP_Lab08L\LP_Lab08L.vcxproj" (целевой объект "Build" зависит от него):
     1>Сборка целевого объекта "BuildCompile" в проекте "LP_Lab08L.vcxproj" завершена.
       Целевой объект "PrepareProjectReferences" пропущен. Предыдущая сборка успешна.
     1>Целевой объект "BuildLinkTraverse" в файле "C:\Program Files (x86)\Microsoft Visual Studio\2017\Enterprise\MSBuild\15.0\Bin\Microsoft.Common.CurrentVersion.targets" из проекта "D:\Лабы ЯП\LP_Lab08\LP_Lab08L\LP_Lab08L.vcxproj" (целевой объект "BuildLink" зависит от него):
       Задача "MSBuild" пропущена из-за невыполненного условия; выражение ('$(BuildPassReferences)' == 'true' and '@(ProjectReferenceWithConfiguration)' != '' and '@(_MSBuildProjectReferenceExistent)' != ''  and '%(_MSBuildProjectReferenceExistent.BuildReference)' == 'true') равно ('' == 'true' and '' != '' and '' != ''  and '' == 'true').
     1>Сборка целевого объекта "BuildLinkTraverse" в проекте "LP_Lab08L.vcxproj" завершена.
       Целевой объект "PrepareForBuild" пропущен. Предыдущая сборка успешна.
       Целевой объект "ResolveReferences" пропущен. Предыдущая сборка успешна.
     1>Целевой объект "ComputeLegacyManifestEmbedding" в файле "C:\Program Files (x86)\Microsoft Visual Studio\2017\Enterprise\Common7\IDE\VC\VCTargets\Microsoft.CppBuild.targets" из проекта "D:\Лабы ЯП\LP_Lab08\LP_Lab08L\LP_Lab08L.vcxproj" (целевой объект "_BuildLinkAction" зависит от него):
       Задача "VCMessage" пропущена из-за невыполненного условия; выражение ('$(RevertManifestEmbedding)' == 'true' and '$(_LegacyManifestEmbeddingDebug)' == 'true') равно ('' == 'true' and '' == 'true').
     1>Сборка целевого объекта "ComputeLegacyManifestEmbedding" в проекте "LP_Lab08L.vcxproj" завершена.
       Целевой объект "_Link" пропущен из-за невыполненного условия; выражение ('$(LinkCompiled)' == 'true') равно ('' == 'true').
     1>Целевой объект "_ALink" в файле "C:\Program Files (x86)\Microsoft Visual Studio\2017\Enterprise\Common7\IDE\VC\VCTargets\Microsoft.CppBuild.targets" из проекта "D:\Лабы ЯП\LP_Lab08\LP_Lab08L\LP_Lab08L.vcxproj" (целевой объект "_BuildLinkAction" зависит от него):
     1>Сборка целевого объекта "_ALink" в проекте "LP_Lab08L.vcxproj" завершена.
       Целевой объект "ComputeLegacyManifestEmbedding" пропущен. Предыдущая сборка успешна.
     1>Целевой объект "_Manifest" в файле "C:\Program Files (x86)\Microsoft Visual Studio\2017\Enterprise\Common7\IDE\VC\VCTargets\Microsoft.CppBuild.targets" из проекта "D:\Лабы ЯП\LP_Lab08\LP_Lab08L\LP_Lab08L.vcxproj" (целевой объект "_BuildLinkAction" зависит от него):
       Задача "CallTarget" пропущена из-за невыполненного условия; выражение ('$(LegacyManifestEmbedding)' == 'true') равно ('' == 'true').
     1>Сборка целевого объекта "_Manifest" в проекте "LP_Lab08L.vcxproj" завершена.
     1>Целевой объект "RegisterOutput" в файле "C:\Program Files (x86)\Microsoft Visual Studio\2017\Enterprise\Common7\IDE\VC\VCTargets\Microsoft.CppCommon.targets" из проекта "D:\Лабы ЯП\LP_Lab08\LP_Lab08L\LP_Lab08L.vcxproj" (целевой объект "_BuildLinkAction" зависит от него):
       Задача "Exec" пропущена из-за невыполненного условия; выражение ('$(ConfigurationType)'=='DynamicLibrary' and '%(Link.RegisterOutput)'=='true' and '%(Link.PerUserRedirection)'!='true') равно ('StaticLibrary'=='DynamicLibrary' and ''=='true' and ''!='true').
       Задача "Exec" пропущена из-за невыполненного условия; выражение ('$(ConfigurationType)'=='DynamicLibrary' and '%(Link.RegisterOutput)'=='true' and '%(Link.PerUserRedirection)'=='true') равно ('StaticLibrary'=='DynamicLibrary' and ''=='true' and ''=='true').
       Задача "Exec" пропущена из-за невыполненного условия; выражение ('$(ConfigurationType)'=='Application' and '%(Link.RegisterOutput)'=='true' and '%(Link.PerUserRedirection)'!='true') равно ('StaticLibrary'=='Application' and ''=='true' and ''!='true').
       Задача "Exec" пропущена из-за невыполненного условия; выражение ('$(ConfigurationType)'=='Application' and '%(Link.RegisterOutput)'=='true' and '%(Link.PerUserRedirection)'=='true') равно ('StaticLibrary'=='Application' and ''=='true' and ''=='true').
       Задача "VCMessage" пропущена из-за невыполненного условия; выражение ('$(_RegisterOutputExitCode)' != '' and '$(_RegisterOutputExitCode)' != '0') равно ('' != '' and '' != '0').
     1>Сборка целевого объекта "RegisterOutput" в проекте "LP_Lab08L.vcxproj" завершена.
       Целевой объект "PrepareForBuild" пропущен. Предыдущая сборка успешна.
       Целевой объект "ResolveReferences" пропущен. Предыдущая сборка успешна.
     1>Целевой объект "ResolvedXDCMake" в файле "C:\Program Files (x86)\Microsoft Visual Studio\2017\Enterprise\Common7\IDE\VC\VCTargets\Microsoft.CppBuild.targets" из проекта "D:\Лабы ЯП\LP_Lab08\LP_Lab08L\LP_Lab08L.vcxproj" (целевой объект "_XdcMake" зависит от него):
       Задача "MSBuild" пропущена из-за невыполненного условия; выражение ('%(_MSBuildProjectReferenceExistent.Extension)' == '.vcxproj' and '@(ProjectReferenceWithConfiguration)' != '' and '@(_MSBuildProjectReferenceExistent)' != '' and '$(_ClCompileGenerateXMLDocumentationFiles)' == 'true') равно ('' == '.vcxproj' and '' != '' and '' != '' and '' == 'true').
     1>Сборка целевого объекта "ResolvedXDCMake" в проекте "LP_Lab08L.vcxproj" завершена.
     1>Целевой объект "ComputeCLCompileGeneratedXDCFiles" в файле "C:\Program Files (x86)\Microsoft Visual Studio\2017\Enterprise\Common7\IDE\VC\VCTargets\Microsoft.CppBuild.targets" из проекта "D:\Лабы ЯП\LP_Lab08\LP_Lab08L\LP_Lab08L.vcxproj" (целевой объект "_XdcMake" зависит от него):
     1>Сборка целевого объекта "ComputeCLCompileGeneratedXDCFiles" в проекте "LP_Lab08L.vcxproj" завершена.
     1>Целевой объект "MakeDirsForXdcMake" в файле "C:\Program Files (x86)\Microsoft Visual Studio\2017\Enterprise\Common7\IDE\VC\VCTargets\Microsoft.CppBuild.targets" из проекта "D:\Лабы ЯП\LP_Lab08\LP_Lab08L\LP_Lab08L.vcxproj" (целевой объект "_XdcMake" зависит от него):
       Задача "MakeDir"
       Выполнение задачи "MakeDir" завершено.
     1>Сборка целевого объекта "MakeDirsForXdcMake" в проекте "LP_Lab08L.vcxproj" завершена.
       Целевой объект "XdcMake" пропущен из-за невыполненного условия; выражение ('@(XdcMake)' != '') равно ('' != '').
     1>Целевой объект "_XdcMake" в файле "C:\Program Files (x86)\Microsoft Visual Studio\2017\Enterprise\Common7\IDE\VC\VCTargets\Microsoft.CppBuild.targets" из проекта "D:\Лабы ЯП\LP_Lab08\LP_Lab08L\LP_Lab08L.vcxproj" (целевой объект "_BuildLinkAction" зависит от него):
     1>Сборка целевого объекта "_XdcMake" в проекте "LP_Lab08L.vcxproj" завершена.
     1>Целевой объект "ComputeCLCompileGeneratedSbrFiles" в файле "C:\Program Files (x86)\Microsoft Visual Studio\2017\Enterprise\Common7\IDE\VC\VCTargets\Microsoft.CppBuild.targets" из проекта "D:\Лабы ЯП\LP_Lab08\LP_Lab08L\LP_Lab08L.vcxproj" (целевой объект "_BscMake" зависит от него):
     1>Сборка целевого объекта "ComputeCLCompileGeneratedSbrFiles" в проекте "LP_Lab08L.vcxproj" завершена.
     1>Целевой объект "MakeDirsForBscMake" в файле "C:\Program Files (x86)\Microsoft Visual Studio\2017\Enterprise\Common7\IDE\VC\VCTargets\Microsoft.CppBuild.targets" из проекта "D:\Лабы ЯП\LP_Lab08\LP_Lab08L\LP_Lab08L.vcxproj" (целевой объект "_BscMake" зависит от него):
       Задача "MakeDir"
       Выполнение задачи "MakeDir" завершено.
     1>Сборка целевого объекта "MakeDirsForBscMake" в проекте "LP_Lab08L.vcxproj" завершена.
       Целевой объект "BscMake" пропущен из-за невыполненного условия; выражение ('@(BscMake)' != '') равно ('' != '').
       Целевой объект "CustomBuildStep" пропущен из-за невыполненного условия; выражение ('@(CustomBuildStep)' != '' and '$(SelectedFiles)'=='') равно ('' != '' and ''=='').
     1>Целевой объект "_BscMake" в файле "C:\Program Files (x86)\Microsoft Visual Studio\2017\Enterprise\Common7\IDE\VC\VCTargets\Microsoft.CppBuild.targets" из проекта "D:\Лабы ЯП\LP_Lab08\LP_Lab08L\LP_Lab08L.vcxproj" (целевой объект "_BuildLinkAction" зависит от него):
     1>Сборка целевого объекта "_BscMake" в проекте "LP_Lab08L.vcxproj" завершена.
     1>Целевой объект "_GenerateSatelliteAssemblyInputs" в файле "C:\Program Files (x86)\Microsoft Visual Studio\2017\Enterprise\MSBuild\15.0\Bin\Microsoft.Common.CurrentVersion.targets" из проекта "D:\Лабы ЯП\LP_Lab08\LP_Lab08L\LP_Lab08L.vcxproj" (целевой объект "CreateSatelliteAssemblies" зависит от него):
       Задача "Warning" пропущена из-за невыполненного условия; выражение ('@(ManifestResourceWithCulture)'!='' and '%(ManifestResourceWithCulture.EmittedForCompatibilityOnly)'=='') равно (''!='' and ''=='').
       Задача "Warning" пропущена из-за невыполненного условия; выражение ('@(ManifestNonResxWithCultureOnDisk)'!='' and '%(ManifestNonResxWithCultureOnDisk.EmittedForCompatibilityOnly)'=='') равно (''!='' and ''=='').
     1>Сборка целевого объекта "_GenerateSatelliteAssemblyInputs" в проекте "LP_Lab08L.vcxproj" завершена.
       Целевой объект "ComputeIntermediateSatelliteAssemblies" пропущен из-за невыполненного условия; выражение (@(ReferenceSatellitePaths->'%(DestinationSubDirectory)') != '') равно ( != '').
       Целевой объект "GenerateSatelliteAssemblies" пропущен из-за невыполненного условия; выражение ('@(_SatelliteAssemblyResourceInputs)' != '') равно ('' != '').
     1>Целевой объект "CreateSatelliteAssemblies" в файле "C:\Program Files (x86)\Microsoft Visual Studio\2017\Enterprise\MSBuild\15.0\Bin\Microsoft.Common.CurrentVersion.targets" из проекта "D:\Лабы ЯП\LP_Lab08\LP_Lab08L\LP_Lab08L.vcxproj" (целевой объект "_BuildLinkAction" зависит от него):
     1>Сборка целевого объекта "CreateSatelliteAssemblies" в проекте "LP_Lab08L.vcxproj" завершена.
     1>Целевой объект "_Appverifier" в файле "C:\Program Files (x86)\Microsoft Visual Studio\2017\Enterprise\Common7\IDE\VC\VCTargets\Microsoft.CppBuild.targets" из проекта "D:\Лабы ЯП\LP_Lab08\LP_Lab08L\LP_Lab08L.vcxproj" (целевой объект "_BuildLinkAction" зависит от него):
     1>Сборка целевого объекта "_Appverifier" в проекте "LP_Lab08L.vcxproj" завершена.
     1>Целевой объект "_Deploy" в файле "C:\Program Files (x86)\Microsoft Visual Studio\2017\Enterprise\Common7\IDE\VC\VCTargets\Microsoft.CppBuild.targets" из проекта "D:\Лабы ЯП\LP_Lab08\LP_Lab08L\LP_Lab08L.vcxproj" (целевой объект "_BuildLinkAction" зависит от него):
     1>Сборка целевого объекта "_Deploy" в проекте "LP_Lab08L.vcxproj" завершена.
       Целевой объект "ComputeIntermediateSatelliteAssemblies" пропущен из-за невыполненного условия; выражение (@(ReferenceSatellitePaths->'%(DestinationSubDirectory)') != '') равно ( != '').
       Целевой объект "_CopyFilesMarkedCopyLocal" пропущен из-за невыполненного условия; выражение ('@(ReferenceCopyLocalPaths)' != '') равно ('' != '').
     1>Целевой объект "AssignTargetPaths" в файле "C:\Program Files (x86)\Microsoft Visual Studio\2017\Enterprise\MSBuild\15.0\Bin\Microsoft.Common.CurrentVersion.targets" из проекта "D:\Лабы ЯП\LP_Lab08\LP_Lab08L\LP_Lab08L.vcxproj" (целевой объект "GetCopyToOutputDirectoryItems" зависит от него):
       Используется задача "AssignTargetPath" из сборки "Microsoft.Build.Tasks.Core, Version=15.1.0.0, Culture=neutral, PublicKeyToken=b03f5f7f11d50a3a".
       Задача "AssignTargetPath"
       Выполнение задачи "AssignTargetPath" завершено.
       Задача "AssignTargetPath"
       Выполнение задачи "AssignTargetPath" завершено.
       Задача "AssignTargetPath"
       Выполнение задачи "AssignTargetPath" завершено.
       Задача "AssignTargetPath"
       Выполнение задачи "AssignTargetPath" завершено.
       Задача "AssignTargetPath" пропущена из-за невыполненного условия; выражение ('@(_DeploymentBaseManifestWithTargetPath)'=='' and '%(None.Extension)'=='.manifest') равно (''=='' and ''=='.manifest').
     1>Сборка целевого объекта "AssignTargetPaths" в проекте "LP_Lab08L.vcxproj" завершена.
       Целевой объект "_SplitProjectReferencesByFileExistence" пропущен. Предыдущая сборка успешна.
       Целевой объект "_GetProjectReferenceTargetFrameworkProperties" пропущен. Предыдущая сборка успешна.
     1>Целевой объект "GetCopyToOutputDirectoryXamlAppDefs" в файле "C:\WINDOWS\Microsoft.NET\Framework\v4.0.30319\Microsoft.Xaml.targets" из проекта "D:\Лабы ЯП\LP_Lab08\LP_Lab08L\LP_Lab08L.vcxproj" (целевой объект "GetCopyToOutputDirectoryItems" зависит от него):
       Задача "AssignTargetPath"
       Выполнение задачи "AssignTargetPath" завершено.
     1>Сборка целевого объекта "GetCopyToOutputDirectoryXamlAppDefs" в проекте "LP_Lab08L.vcxproj" завершена.
     1>Целевой объект "GetCopyToOutputDirectoryItems" в файле "C:\Program Files (x86)\Microsoft Visual Studio\2017\Enterprise\MSBuild\15.0\Bin\Microsoft.Common.CurrentVersion.targets" из проекта "D:\Лабы ЯП\LP_Lab08\LP_Lab08L\LP_Lab08L.vcxproj" (целевой объект "_CopySourceItemsToOutputDirectory" зависит от него):
       Задача "MSBuild" пропущена из-за невыполненного условия; выражение ('@(_MSBuildProjectReferenceExistent)' != '' and '$(_GetChildProjectCopyToOutputDirectoryItems)' == 'true' and '%(_MSBuildProjectReferenceExistent.Private)' != 'false' and '$(UseCommonOutputDirectory)' != 'true') равно ('' != '' and 'true' == 'true' and '' != 'false' and 'false' != 'true').
       Задача "AssignTargetPath"
       Выполнение задачи "AssignTargetPath" завершено.
     1>Сборка целевого объекта "GetCopyToOutputDirectoryItems" в проекте "LP_Lab08L.vcxproj" завершена.
       Целевой объект "_CopyOutOfDateSourceItemsToOutputDirectory" пропущен из-за невыполненного условия; выражение ( '@(_SourceItemsToCopyToOutputDirectory)' != '' ) равно ( '' != '' ).
       Целевой объект "_CopyOutOfDateSourceItemsToOutputDirectoryAlways" пропущен из-за невыполненного условия; выражение ( '@(_SourceItemsToCopyToOutputDirectoryAlways)' != '' ) равно ( '' != '' ).
     1>Целевой объект "_CopySourceItemsToOutputDirectory" в файле "C:\Program Files (x86)\Microsoft Visual Studio\2017\Enterprise\MSBuild\15.0\Bin\Microsoft.Common.CurrentVersion.targets" из проекта "D:\Лабы ЯП\LP_Lab08\LP_Lab08L\LP_Lab08L.vcxproj" (целевой объект "CopyFilesToOutputDirectory" зависит от него):
     1>Сборка целевого объекта "_CopySourceItemsToOutputDirectory" в проекте "LP_Lab08L.vcxproj" завершена.
       Целевой объект "_CopyAppConfigFile" пропущен из-за невыполненного условия; выражение ( '@(AppConfigWithTargetPath)' != '' ) равно ( '' != '' ).
       Целевой объект "_CopyManifestFiles" пропущен из-за невыполненного условия; выражение ( '$(_DeploymentCopyApplicationManifest)'=='true' or '$(GenerateClickOnceManifests)'=='true' ) равно ( ''=='true' or ''=='true' ).
     1>Целевой объект "_CheckForCompileOutputs" в файле "C:\Program Files (x86)\Microsoft Visual Studio\2017\Enterprise\MSBuild\15.0\Bin\Microsoft.Common.CurrentVersion.targets" из проекта "D:\Лабы ЯП\LP_Lab08\LP_Lab08L\LP_Lab08L.vcxproj" (целевой объект "CopyFilesToOutputDirectory" зависит от него):
     1>Сборка целевого объекта "_CheckForCompileOutputs" в проекте "LP_Lab08L.vcxproj" завершена.
       Целевой объект "_SGenCheckForOutputs" пропущен из-за невыполненного условия; выражение ('$(_SGenGenerateSerializationAssembliesConfig)' == 'On' or ('@(WebReferenceUrl)'!='' and '$(_SGenGenerateSerializationAssembliesConfig)' == 'Auto')) равно ('Off' == 'On' or (''!='' and 'Off' == 'Auto')).
     1>Целевой объект "CopyFilesToOutputDirectory" в файле "C:\Program Files (x86)\Microsoft Visual Studio\2017\Enterprise\MSBuild\15.0\Bin\Microsoft.Common.CurrentVersion.targets" из проекта "D:\Лабы ЯП\LP_Lab08\LP_Lab08L\LP_Lab08L.vcxproj" (целевой объект "PrepareForRun" зависит от него):
       Задача "Copy" пропущена из-за невыполненного условия; выражение ('$(CopyBuildOutputToOutputDirectory)' == 'true' and '$(SkipCopyBuildProduct)' != 'true') равно ('true' == 'true' and 'true' != 'true').
       Задача "CopyRefAssembly" пропущена из-за невыполненного условия; выражение ('$(ProduceReferenceAssembly)' == 'true' and '$(CopyBuildOutputToOutputDirectory)' == 'true' and '$(SkipCopyBuildProduct)' != 'true') равно ('false' == 'true' and 'true' == 'true' and 'true' != 'true').
       Задача "Message" пропущена из-за невыполненного условия; выражение ('$(CopyBuildOutputToOutputDirectory)' == 'true' and '$(SkipCopyBuildProduct)'!='true') равно ('true' == 'true' and 'true'!='true').
       Задача "Copy" пропущена из-за невыполненного условия; выражение ('@(AddModules)' != '') равно ('' != '').
       Задача "Copy" пропущена из-за невыполненного условия; выражение ('$(_SGenDllCreated)'=='true') равно ('false'=='true').
       Используется задача "Copy" из сборки "Microsoft.Build.Tasks.Core, Version=15.1.0.0, Culture=neutral, PublicKeyToken=b03f5f7f11d50a3a".
       Задача "Copy"
         Копирование файла из "Debug\LP_Lab08L.pdb" в "D:\Лабы ЯП\LP_Lab08\Debug\LP_Lab08L.pdb".
       Выполнение задачи "Copy" завершено.
       Задача "Copy" пропущена из-за невыполненного условия; выражение ('$(_DocumentationFileProduced)'=='true') равно ('false'=='true').
       Задача "Copy" пропущена из-за невыполненного условия; выражение ('@(IntermediateSatelliteAssembliesWithTargetPath)' != '') равно ('' != '').
       Задача "Copy" пропущена из-за невыполненного условия; выражение ('@(ReferenceComWrappersToCopyLocal)' != '' or '@(ResolvedIsolatedComModules)' != '' or '@(_DeploymentLooseManifestFile)' != '' or '@(NativeReferenceFile)' != '' ) равно ('' != '' or '' != '' or '' != '' or '' != '' ).
       Задача "Copy" пропущена из-за невыполненного условия; выражение ('$(SkipCopyWinMDArtifact)' != 'true' and '@(WinMDExpArtifacts)' != '') равно ('' != 'true' and '' != '').
       Задача "Message" пропущена из-за невыполненного условия; выражение ('$(SkipCopyWinMDArtifact)' != 'true' and '$(_WindowsMetadataOutputPath)' != '') равно ('' != 'true' and '' != '').
     1>Сборка целевого объекта "CopyFilesToOutputDirectory" в проекте "LP_Lab08L.vcxproj" завершена.
     1>Целевой объект "PrepareForRun" в файле "C:\Program Files (x86)\Microsoft Visual Studio\2017\Enterprise\MSBuild\15.0\Bin\Microsoft.Common.CurrentVersion.targets" из проекта "D:\Лабы ЯП\LP_Lab08\LP_Lab08L\LP_Lab08L.vcxproj" (целевой объект "_BuildLinkAction" зависит от него):
     1>Сборка целевого объекта "PrepareForRun" в проекте "LP_Lab08L.vcxproj" завершена.
       Целевой объект "CustomBuildStep" пропущен из-за невыполненного условия; выражение ('@(CustomBuildStep)' != '' and '$(SelectedFiles)'=='') равно ('' != '' and ''=='').
     1>Целевой объект "PostBuildEvent" в файле "C:\Program Files (x86)\Microsoft Visual Studio\2017\Enterprise\Common7\IDE\VC\VCTargets\Microsoft.CppCommon.targets" из проекта "D:\Лабы ЯП\LP_Lab08\LP_Lab08L\LP_Lab08L.vcxproj" (целевой объект "_BuildLinkAction" зависит от него):
       Задача "Message" пропущена из-за невыполненного условия; выражение ('%(PostBuildEvent.Message)' != '' and '%(PostBuildEvent.Command)' != '') равно ('' != '' and '' != '').
       Задача "Exec" пропущена из-за невыполненного условия; выражение ('%(PostBuildEvent.Command)' != '') равно ('' != '').
     1>Сборка целевого объекта "PostBuildEvent" в проекте "LP_Lab08L.vcxproj" завершена.
     1>Целевой объект "_BuildLinkAction" в файле "C:\Program Files (x86)\Microsoft Visual Studio\2017\Enterprise\Common7\IDE\VC\VCTargets\Microsoft.CppBuild.targets" из проекта "D:\Лабы ЯП\LP_Lab08\LP_Lab08L\LP_Lab08L.vcxproj" (целевой объект "BuildLink" зависит от него):
     1>Сборка целевого объекта "_BuildLinkAction" в проекте "LP_Lab08L.vcxproj" завершена.
     1>Целевой объект "BuildLink" в файле "C:\Program Files (x86)\Microsoft Visual Studio\2017\Enterprise\MSBuild\15.0\Bin\Microsoft.Common.CurrentVersion.targets" из проекта "D:\Лабы ЯП\LP_Lab08\LP_Lab08L\LP_Lab08L.vcxproj" (целевой объект "Build" зависит от него):
     1>Сборка целевого объекта "BuildLink" в проекте "LP_Lab08L.vcxproj" завершена.
     1>Целевой объект "AfterBuild" в файле "C:\Program Files (x86)\Microsoft Visual Studio\2017\Enterprise\Common7\IDE\VC\VCTargets\Microsoft.BuildSteps.Targets" из проекта "D:\Лабы ЯП\LP_Lab08\LP_Lab08L\LP_Lab08L.vcxproj" (целевой объект "Build" зависит от него):
     1>Сборка целевого объекта "AfterBuild" в проекте "LP_Lab08L.vcxproj" завершена.
     1>Целевой объект "FinalizeBuildStatus" в файле "C:\Program Files (x86)\Microsoft Visual Studio\2017\Enterprise\Common7\IDE\VC\VCTargets\Microsoft.CppBuild.targets" из проекта "D:\Лабы ЯП\LP_Lab08\LP_Lab08L\LP_Lab08L.vcxproj" (целевой объект "Build" зависит от него):
       Задача "Delete"
         Файл "Debug\LP_Lab08L.tlog\unsuccessfulbuild" удаляется.
       Выполнение задачи "Delete" завершено.
       Задача "Touch"
         Обращение к "Debug\LP_Lab08L.tlog\LP_Lab08L.lastbuildstate".
       Выполнение задачи "Touch" завершено.
     1>Сборка целевого объекта "FinalizeBuildStatus" в проекте "LP_Lab08L.vcxproj" завершена.
     1>Целевой объект "Build" в файле "C:\Program Files (x86)\Microsoft Visual Studio\2017\Enterprise\Common7\IDE\VC\VCTargets\Microsoft.BuildSteps.Targets" из проекта "D:\Лабы ЯП\LP_Lab08\LP_Lab08L\LP_Lab08L.vcxproj" (целевой объект "Rebuild" зависит от него):
     1>Сборка целевого объекта "Build" в проекте "LP_Lab08L.vcxproj" завершена.
     1>Целевой объект "AfterRebuild" в файле "C:\Program Files (x86)\Microsoft Visual Studio\2017\Enterprise\MSBuild\15.0\Bin\Microsoft.Common.CurrentVersion.targets" из проекта "D:\Лабы ЯП\LP_Lab08\LP_Lab08L\LP_Lab08L.vcxproj" (целевой объект "Rebuild" зависит от него):
     1>Сборка целевого объекта "AfterRebuild" в проекте "LP_Lab08L.vcxproj" завершена.
       Целевой объект "_CheckForInvalidConfigurationAndPlatform" пропущен. Предыдущая сборка успешна.
     1>Целевой объект "Rebuild" в файле "C:\Program Files (x86)\Microsoft Visual Studio\2017\Enterprise\Common7\IDE\VC\VCTargets\Microsoft.BuildSteps.Targets" из проекта "D:\Лабы ЯП\LP_Lab08\LP_Lab08L\LP_Lab08L.vcxproj" (точка входа):
     1>Сборка целевого объекта "Rebuild" в проекте "LP_Lab08L.vcxproj" завершена.
     1>Сборка проекта "D:\Лабы ЯП\LP_Lab08\LP_Lab08L\LP_Lab08L.vcxproj" завершена (целевые объекты Rebuild).

Сборка успешно завершена.

       "D:\Лабы ЯП\LP_Lab08\LP_Lab08L\LP_Lab08L.vcxproj" (целевой объект Rebuild ) (1) ->
       (ClCompile конечный объект) -> 
         d:\лабы яп\lp_lab08\lp_lab08l\dictionary.cpp(28): warning C4101: e: неиспользованная локальная переменная
         d:\лабы яп\lp_lab08\lp_lab08l\dictionary.cpp(61): warning C4101: e: неиспользованная локальная переменная

    Предупреждений: 2
    Ошибок: 0

Прошло времени 00:00:05.06
